#-----------------------------------------------------------
# Vivado v2018.1 (64-bit)
# SW Build 2188600 on Wed Apr  4 18:40:38 MDT 2018
# IP Build 2185939 on Wed Apr  4 20:55:05 MDT 2018
# Start of session at: Wed Jul 17 11:41:01 2019
# Process ID: 3268
# Current directory: C:/Users/IDEAL-INFO/Desktop/VHDL V2/Implementation-hardware-du-PSO/final_code
# Command line: vivado.exe -gui_launcher_event rodinguilauncherevent1244 C:\Users\IDEAL-INFO\Desktop\VHDL V2\Implementation-hardware-du-PSO\final_code\final_code.xpr
# Log file: C:/Users/IDEAL-INFO/Desktop/VHDL V2/Implementation-hardware-du-PSO/final_code/vivado.log
# Journal file: C:/Users/IDEAL-INFO/Desktop/VHDL V2/Implementation-hardware-du-PSO/final_code\vivado.jou
#-----------------------------------------------------------
start_gui
open_project {C:/Users/IDEAL-INFO/Desktop/VHDL V2/Implementation-hardware-du-PSO/final_code/final_code.xpr}
Scanning sources...
Finished scanning sources
INFO: [IP_Flow 19-234] Refreshing IP repositories
INFO: [IP_Flow 19-1704] No user IP repositories specified
INFO: [IP_Flow 19-2313] Loaded Vivado IP repository 'C:/Xilinx/Vivado/2018.1/data/ip'.
open_project: Time (s): cpu = 00:00:20 ; elapsed = 00:00:35 . Memory (MB): peak = 805.637 ; gain = 128.328
update_compile_order -fileset sources_1
exit
