#-----------------------------------------------------------
# Vivado v2018.1 (64-bit)
# SW Build 2188600 on Wed Apr  4 18:40:38 MDT 2018
# IP Build 2185939 on Wed Apr  4 20:55:05 MDT 2018
# Start of session at: Tue Jul 16 16:58:02 2019
# Process ID: 13048
# Current directory: C:/Users/IDEAL-INFO/Desktop/VHDL V2/Implementation-hardware-du-PSO/final_code
# Command line: vivado.exe -gui_launcher_event rodinguilauncherevent10432 C:\Users\IDEAL-INFO\Desktop\VHDL V2\Implementation-hardware-du-PSO\final_code\final_code.xpr
# Log file: C:/Users/IDEAL-INFO/Desktop/VHDL V2/Implementation-hardware-du-PSO/final_code/vivado.log
# Journal file: C:/Users/IDEAL-INFO/Desktop/VHDL V2/Implementation-hardware-du-PSO/final_code\vivado.jou
#-----------------------------------------------------------
start_gui
open_project {C:/Users/IDEAL-INFO/Desktop/VHDL V2/Implementation-hardware-du-PSO/final_code/final_code.xpr}
Scanning sources...
Finished scanning sources
WARNING: [filemgmt 56-3] IPUserFilesDir: Could not find the directory 'C:/Users/IDEAL-INFO/Desktop/VHDL V2/Implementation-hardware-du-PSO/final_code/final_code.ip_user_files'.
INFO: [IP_Flow 19-234] Refreshing IP repositories
INFO: [IP_Flow 19-1704] No user IP repositories specified
INFO: [IP_Flow 19-2313] Loaded Vivado IP repository 'C:/Xilinx/Vivado/2018.1/data/ip'.
open_project: Time (s): cpu = 00:00:28 ; elapsed = 00:00:44 . Memory (MB): peak = 770.832 ; gain = 125.801
update_compile_order -fileset sources_1
reset_run synth_1
launch_runs synth_1 -jobs 3
[Tue Jul 16 17:01:00 2019] Launched synth_1...
Run output will be captured here: C:/Users/IDEAL-INFO/Desktop/VHDL V2/Implementation-hardware-du-PSO/final_code/final_code.runs/synth_1/runme.log
set_property SOURCE_SET sources_1 [get_filesets sim_1]
close [ open {C:/Users/IDEAL-INFO/Desktop/VHDL V2/Implementation-hardware-du-PSO/final_code/final_code_tb.vhd} w ]
add_files -fileset sim_1 {{C:/Users/IDEAL-INFO/Desktop/VHDL V2/Implementation-hardware-du-PSO/final_code/final_code_tb.vhd}}
update_compile_order -fileset sim_1
update_compile_order -fileset sim_1
launch_simulation
INFO: [Vivado 12-5682] Launching behavioral simulation in 'C:/Users/IDEAL-INFO/Desktop/VHDL V2/Implementation-hardware-du-PSO/final_code/final_code.sim/sim_1/behav/xsim'
INFO: [SIM-utils-51] Simulation object is 'sim_1'
INFO: [SIM-utils-54] Inspecting design source files for 'final_code_tb' in fileset 'sim_1'...
INFO: [USF-XSim-97] Finding global include files...
INFO: [USF-XSim-98] Fetching design files from 'sim_1'...
INFO: [USF-XSim-2] XSim::Compile design
INFO: [USF-XSim-61] Executing 'COMPILE and ANALYZE' step in 'C:/Users/IDEAL-INFO/Desktop/VHDL V2/Implementation-hardware-du-PSO/final_code/final_code.sim/sim_1/behav/xsim'
"xvhdl --incr --relax -prj final_code_tb_vhdl.prj"
INFO: [VRFC 10-163] Analyzing VHDL file "C:/Users/IDEAL-INFO/Desktop/VHDL V2/Implementation-hardware-du-PSO/final_code/final_code.srcs/sources_1/new/final_code.vhd" into library xil_defaultlib
INFO: [VRFC 10-307] analyzing entity final_code
INFO: [VRFC 10-163] Analyzing VHDL file "C:/Users/IDEAL-INFO/Desktop/VHDL V2/Implementation-hardware-du-PSO/final_code/final_code_tb.vhd" into library xil_defaultlib
INFO: [VRFC 10-307] analyzing entity final_code_tb
INFO: [USF-XSim-69] 'compile' step finished in '3' seconds
INFO: [USF-XSim-3] XSim::Elaborate design
INFO: [USF-XSim-61] Executing 'ELABORATE' step in 'C:/Users/IDEAL-INFO/Desktop/VHDL V2/Implementation-hardware-du-PSO/final_code/final_code.sim/sim_1/behav/xsim'
Vivado Simulator 2018.1
Copyright 1986-1999, 2001-2017 Xilinx, Inc. All Rights Reserved.
Running: C:/Xilinx/Vivado/2018.1/bin/unwrapped/win64.o/xelab.exe -wto 7f0d1ad06aec492dbc0ea89995d16941 --incr --debug typical --relax --mt 2 -L xil_defaultlib -L secureip --snapshot final_code_tb_behav xil_defaultlib.final_code_tb -log elaborate.log 
Using 2 slave threads.
Starting static elaboration
WARNING: [VRFC 10-122] fitness remains a black-box since it has no binding entity [C:/Users/IDEAL-INFO/Desktop/VHDL V2/Implementation-hardware-du-PSO/final_code/final_code.srcs/sources_1/new/final_code.vhd:103]
WARNING: [VRFC 10-122] p_best remains a black-box since it has no binding entity [C:/Users/IDEAL-INFO/Desktop/VHDL V2/Implementation-hardware-du-PSO/final_code/final_code.srcs/sources_1/new/final_code.vhd:104]
WARNING: [VRFC 10-122] pbm remains a black-box since it has no binding entity [C:/Users/IDEAL-INFO/Desktop/VHDL V2/Implementation-hardware-du-PSO/final_code/final_code.srcs/sources_1/new/final_code.vhd:105]
WARNING: [VRFC 10-122] g_best remains a black-box since it has no binding entity [C:/Users/IDEAL-INFO/Desktop/VHDL V2/Implementation-hardware-du-PSO/final_code/final_code.srcs/sources_1/new/final_code.vhd:106]
WARNING: [VRFC 10-122] velocity remains a black-box since it has no binding entity [C:/Users/IDEAL-INFO/Desktop/VHDL V2/Implementation-hardware-du-PSO/final_code/final_code.srcs/sources_1/new/final_code.vhd:107]
WARNING: [VRFC 10-122] vm remains a black-box since it has no binding entity [C:/Users/IDEAL-INFO/Desktop/VHDL V2/Implementation-hardware-du-PSO/final_code/final_code.srcs/sources_1/new/final_code.vhd:108]
WARNING: [VRFC 10-122] position remains a black-box since it has no binding entity [C:/Users/IDEAL-INFO/Desktop/VHDL V2/Implementation-hardware-du-PSO/final_code/final_code.srcs/sources_1/new/final_code.vhd:109]
WARNING: [VRFC 10-122] pm remains a black-box since it has no binding entity [C:/Users/IDEAL-INFO/Desktop/VHDL V2/Implementation-hardware-du-PSO/final_code/final_code.srcs/sources_1/new/final_code.vhd:110]
Completed static elaboration
Starting simulation data flow analysis
Completed simulation data flow analysis
Time Resolution for simulation is 1ps
Compiling package std.standard
Compiling package std.textio
Compiling package ieee.std_logic_1164
Compiling package ieee.std_logic_arith
Compiling package ieee.std_logic_unsigned
Compiling package synopsys.attributes
Compiling package ieee.std_logic_misc
Compiling package ieee.numeric_std
Compiling package xil_defaultlib.pkg
Compiling architecture behavioral of entity xil_defaultlib.final_code [final_code_default]
Compiling architecture behavioral of entity xil_defaultlib.final_code_tb
Built simulation snapshot final_code_tb_behav

****** Webtalk v2018.1 (64-bit)
  **** SW Build 2188600 on Wed Apr  4 18:40:38 MDT 2018
  **** IP Build 2185939 on Wed Apr  4 20:55:05 MDT 2018
    ** Copyright 1986-2018 Xilinx, Inc. All Rights Reserved.

source C:/Users/IDEAL-INFO/Desktop/VHDL -notrace
couldn't read file "C:/Users/IDEAL-INFO/Desktop/VHDL": permission denied
INFO: [Common 17-206] Exiting Webtalk at Tue Jul 16 18:00:52 2019...
run_program: Time (s): cpu = 00:00:00 ; elapsed = 00:00:07 . Memory (MB): peak = 814.168 ; gain = 0.000
INFO: [USF-XSim-69] 'elaborate' step finished in '7' seconds
INFO: [USF-XSim-4] XSim::Simulate design
INFO: [USF-XSim-61] Executing 'SIMULATE' step in 'C:/Users/IDEAL-INFO/Desktop/VHDL V2/Implementation-hardware-du-PSO/final_code/final_code.sim/sim_1/behav/xsim'
INFO: [USF-XSim-98] *** Running xsim
   with args "final_code_tb_behav -key {Behavioral:sim_1:Functional:final_code_tb} -tclbatch {final_code_tb.tcl} -log {simulate.log}"
INFO: [USF-XSim-8] Loading simulator feature
Vivado Simulator 2018.1
Time resolution is 1 ps
source final_code_tb.tcl
# set curr_wave [current_wave_config]
# if { [string length $curr_wave] == 0 } {
#   if { [llength [get_objects]] > 0} {
#     add_wave /
#     set_property needs_save false [current_wave_config]
#   } else {
#      send_msg_id Add_Wave-1 WARNING "No top level signals found. Simulator will start without a wave window. If you want to open a wave window go to 'File->New Waveform Configuration' or type 'create_wave_config' in the TCL console."
#   }
# }
# run 1000ns
xsim: Time (s): cpu = 00:00:06 ; elapsed = 00:00:14 . Memory (MB): peak = 844.477 ; gain = 23.285
INFO: [USF-XSim-96] XSim completed. Design snapshot 'final_code_tb_behav' loaded.
INFO: [USF-XSim-97] XSim simulation ran for 1000ns
launch_simulation: Time (s): cpu = 00:00:08 ; elapsed = 00:00:30 . Memory (MB): peak = 844.477 ; gain = 30.309
relaunch_sim
INFO: [Vivado 12-5682] Launching behavioral simulation in 'C:/Users/IDEAL-INFO/Desktop/VHDL V2/Implementation-hardware-du-PSO/final_code/final_code.sim/sim_1/behav/xsim'
INFO: [SIM-utils-51] Simulation object is 'sim_1'
INFO: [SIM-utils-54] Inspecting design source files for 'final_code_tb' in fileset 'sim_1'...
INFO: [USF-XSim-97] Finding global include files...
INFO: [USF-XSim-98] Fetching design files from 'sim_1'...
INFO: [USF-XSim-2] XSim::Compile design
INFO: [USF-XSim-61] Executing 'COMPILE and ANALYZE' step in 'C:/Users/IDEAL-INFO/Desktop/VHDL V2/Implementation-hardware-du-PSO/final_code/final_code.sim/sim_1/behav/xsim'
"xvhdl --incr --relax -prj final_code_tb_vhdl.prj"
INFO: [VRFC 10-163] Analyzing VHDL file "C:/Users/IDEAL-INFO/Desktop/VHDL V2/Implementation-hardware-du-PSO/final_code/final_code_tb.vhd" into library xil_defaultlib
INFO: [VRFC 10-307] analyzing entity final_code_tb
INFO: [USF-XSim-69] 'compile' step finished in '1' seconds
INFO: [Vivado 12-5682] Launching behavioral simulation in 'C:/Users/IDEAL-INFO/Desktop/VHDL V2/Implementation-hardware-du-PSO/final_code/final_code.sim/sim_1/behav/xsim'
INFO: [USF-XSim-3] XSim::Elaborate design
INFO: [USF-XSim-61] Executing 'ELABORATE' step in 'C:/Users/IDEAL-INFO/Desktop/VHDL V2/Implementation-hardware-du-PSO/final_code/final_code.sim/sim_1/behav/xsim'
Vivado Simulator 2018.1
Copyright 1986-1999, 2001-2017 Xilinx, Inc. All Rights Reserved.
Running: C:/Xilinx/Vivado/2018.1/bin/unwrapped/win64.o/xelab.exe -wto 7f0d1ad06aec492dbc0ea89995d16941 --incr --debug typical --relax --mt 2 -L xil_defaultlib -L secureip --snapshot final_code_tb_behav xil_defaultlib.final_code_tb -log elaborate.log 
Using 2 slave threads.
Starting static elaboration
WARNING: [VRFC 10-122] fitness remains a black-box since it has no binding entity [C:/Users/IDEAL-INFO/Desktop/VHDL V2/Implementation-hardware-du-PSO/final_code/final_code.srcs/sources_1/new/final_code.vhd:103]
WARNING: [VRFC 10-122] p_best remains a black-box since it has no binding entity [C:/Users/IDEAL-INFO/Desktop/VHDL V2/Implementation-hardware-du-PSO/final_code/final_code.srcs/sources_1/new/final_code.vhd:104]
WARNING: [VRFC 10-122] pbm remains a black-box since it has no binding entity [C:/Users/IDEAL-INFO/Desktop/VHDL V2/Implementation-hardware-du-PSO/final_code/final_code.srcs/sources_1/new/final_code.vhd:105]
WARNING: [VRFC 10-122] g_best remains a black-box since it has no binding entity [C:/Users/IDEAL-INFO/Desktop/VHDL V2/Implementation-hardware-du-PSO/final_code/final_code.srcs/sources_1/new/final_code.vhd:106]
WARNING: [VRFC 10-122] velocity remains a black-box since it has no binding entity [C:/Users/IDEAL-INFO/Desktop/VHDL V2/Implementation-hardware-du-PSO/final_code/final_code.srcs/sources_1/new/final_code.vhd:107]
WARNING: [VRFC 10-122] vm remains a black-box since it has no binding entity [C:/Users/IDEAL-INFO/Desktop/VHDL V2/Implementation-hardware-du-PSO/final_code/final_code.srcs/sources_1/new/final_code.vhd:108]
WARNING: [VRFC 10-122] position remains a black-box since it has no binding entity [C:/Users/IDEAL-INFO/Desktop/VHDL V2/Implementation-hardware-du-PSO/final_code/final_code.srcs/sources_1/new/final_code.vhd:109]
WARNING: [VRFC 10-122] pm remains a black-box since it has no binding entity [C:/Users/IDEAL-INFO/Desktop/VHDL V2/Implementation-hardware-du-PSO/final_code/final_code.srcs/sources_1/new/final_code.vhd:110]
Completed static elaboration
Starting simulation data flow analysis
Completed simulation data flow analysis
Time Resolution for simulation is 1ps
Compiling package std.standard
Compiling package std.textio
Compiling package ieee.std_logic_1164
Compiling package ieee.std_logic_arith
Compiling package ieee.std_logic_unsigned
Compiling package synopsys.attributes
Compiling package ieee.std_logic_misc
Compiling package ieee.numeric_std
Compiling package xil_defaultlib.pkg
Compiling architecture behavioral of entity xil_defaultlib.final_code [final_code_default]
Compiling architecture behavioral of entity xil_defaultlib.final_code_tb
Built simulation snapshot final_code_tb_behav
INFO: [USF-XSim-69] 'elaborate' step finished in '2' seconds
Vivado Simulator 2018.1
Time resolution is 1 ps
relaunch_xsim_kernel: Time (s): cpu = 00:00:02 ; elapsed = 00:00:14 . Memory (MB): peak = 845.250 ; gain = 0.000
relaunch_sim: Time (s): cpu = 00:00:02 ; elapsed = 00:00:19 . Memory (MB): peak = 845.250 ; gain = 0.000
save_wave_config {C:/Users/IDEAL-INFO/Desktop/VHDL V2/Implementation-hardware-du-PSO/final_code/final_code_tb_behav.wcfg}
add_files -fileset sim_1 -norecurse {{C:/Users/IDEAL-INFO/Desktop/VHDL V2/Implementation-hardware-du-PSO/final_code/final_code_tb_behav.wcfg}}
set_property xsim.view {{C:/Users/IDEAL-INFO/Desktop/VHDL V2/Implementation-hardware-du-PSO/final_code/final_code_tb_behav.wcfg}} [get_filesets sim_1]
close_sim
INFO: [Simtcl 6-16] Simulation closed
exit
INFO: [Common 17-206] Exiting Vivado at Tue Jul 16 18:04:04 2019...
