#-----------------------------------------------------------
# Vivado v2018.1 (64-bit)
# SW Build 2188600 on Wed Apr  4 18:40:38 MDT 2018
# IP Build 2185939 on Wed Apr  4 20:55:05 MDT 2018
# Start of session at: Mon Jul 15 03:00:35 2019
# Process ID: 9036
# Current directory: C:/Users/ThibaultPB/Desktop/VHDL V2/Implementation-hardware-du-PSO/Position_memory
# Command line: vivado.exe -gui_launcher_event rodinguilauncherevent5072 C:\Users\ThibaultPB\Desktop\VHDL V2\Implementation-hardware-du-PSO\Position_memory\Position_memory.xpr
# Log file: C:/Users/ThibaultPB/Desktop/VHDL V2/Implementation-hardware-du-PSO/Position_memory/vivado.log
# Journal file: C:/Users/ThibaultPB/Desktop/VHDL V2/Implementation-hardware-du-PSO/Position_memory\vivado.jou
#-----------------------------------------------------------
start_gui
open_project {C:/Users/ThibaultPB/Desktop/VHDL V2/Implementation-hardware-du-PSO/Position_memory/Position_memory.xpr}
INFO: [ProjectBase 1-489] The host OS only allows 260 characters in a normal path. The project is stored in a path with more than 80 characters. If you experience issues with IP, Block Designs, or files not being found, please consider moving the project to a location with a shorter path. Alternately consider using the OS subst command to map part of the path to a drive letter.
Current project path is 'C:/Users/ThibaultPB/Desktop/VHDL V2/Implementation-hardware-du-PSO/Position_memory'
Scanning sources...
Finished scanning sources
INFO: [IP_Flow 19-234] Refreshing IP repositories
INFO: [IP_Flow 19-1704] No user IP repositories specified
INFO: [IP_Flow 19-2313] Loaded Vivado IP repository 'D:/Xilinx/Vivado/2018.1/data/ip'.
open_project: Time (s): cpu = 00:00:15 ; elapsed = 00:00:08 . Memory (MB): peak = 839.621 ; gain = 110.813
update_compile_order -fileset sources_1
exit
INFO: [Common 17-206] Exiting Vivado at Mon Jul 15 03:01:19 2019...
