#-----------------------------------------------------------
# Vivado v2018.1 (64-bit)
# SW Build 2188600 on Wed Apr  4 18:40:38 MDT 2018
# IP Build 2185939 on Wed Apr  4 20:55:05 MDT 2018
# Start of session at: Mon Jul 15 02:00:06 2019
# Process ID: 3428
# Current directory: C:/Users/ThibaultPB/Desktop/VHDL V2/Implementation-hardware-du-PSO/Position_memory
# Command line: vivado.exe -gui_launcher_event rodinguilauncherevent7832 C:\Users\ThibaultPB\Desktop\VHDL V2\Implementation-hardware-du-PSO\Position_memory\Position_memory.xpr
# Log file: C:/Users/ThibaultPB/Desktop/VHDL V2/Implementation-hardware-du-PSO/Position_memory/vivado.log
# Journal file: C:/Users/ThibaultPB/Desktop/VHDL V2/Implementation-hardware-du-PSO/Position_memory\vivado.jou
#-----------------------------------------------------------
start_gui
open_project {C:/Users/ThibaultPB/Desktop/VHDL V2/Implementation-hardware-du-PSO/Position_memory/Position_memory.xpr}
INFO: [ProjectBase 1-489] The host OS only allows 260 characters in a normal path. The project is stored in a path with more than 80 characters. If you experience issues with IP, Block Designs, or files not being found, please consider moving the project to a location with a shorter path. Alternately consider using the OS subst command to map part of the path to a drive letter.
Current project path is 'C:/Users/ThibaultPB/Desktop/VHDL V2/Implementation-hardware-du-PSO/Position_memory'
INFO: [Project 1-313] Project file moved from 'C:/Users/IDEAL-INFO/Desktop/VHDL V2/Position_memory' since last save.
Scanning sources...
Finished scanning sources
INFO: [IP_Flow 19-234] Refreshing IP repositories
INFO: [IP_Flow 19-1704] No user IP repositories specified
INFO: [IP_Flow 19-2313] Loaded Vivado IP repository 'D:/Xilinx/Vivado/2018.1/data/ip'.
open_project: Time (s): cpu = 00:00:15 ; elapsed = 00:00:08 . Memory (MB): peak = 863.848 ; gain = 112.539
update_compile_order -fileset sources_1
reset_run synth_1
launch_runs synth_1 -jobs 4
[Mon Jul 15 02:10:06 2019] Launched synth_1...
Run output will be captured here: C:/Users/ThibaultPB/Desktop/VHDL V2/Implementation-hardware-du-PSO/Position_memory/Position_memory.runs/synth_1/runme.log
set_property SOURCE_SET sources_1 [get_filesets sim_1]
add_files -fileset sim_1 -norecurse {{C:/Users/ThibaultPB/Desktop/VHDL V2/Implementation-hardware-du-PSO/Position_memory/Position_memory_tb.vhd}}
WARNING: [filemgmt 56-12] File 'C:/Users/ThibaultPB/Desktop/VHDL V2/Implementation-hardware-du-PSO/Position_memory/Position_memory_tb.vhd' cannot be added to the project because it already exists in the project, skipping this file
set_property SOURCE_SET sources_1 [get_filesets sim_1]
add_files -fileset sim_1 -norecurse {{C:/Users/ThibaultPB/Desktop/VHDL V2/Implementation-hardware-du-PSO/Position_memory/Position_memory_tb.vhd}}
WARNING: [filemgmt 56-12] File 'C:/Users/ThibaultPB/Desktop/VHDL V2/Implementation-hardware-du-PSO/Position_memory/Position_memory_tb.vhd' cannot be added to the project because it already exists in the project, skipping this file
launch_simulation
INFO: [Vivado 12-5682] Launching behavioral simulation in 'C:/Users/ThibaultPB/Desktop/VHDL V2/Implementation-hardware-du-PSO/Position_memory/Position_memory.sim/sim_1/behav/xsim'
INFO: [SIM-utils-51] Simulation object is 'sim_1'
INFO: [SIM-utils-54] Inspecting design source files for 'position_memory_tb' in fileset 'sim_1'...
INFO: [USF-XSim-97] Finding global include files...
INFO: [USF-XSim-98] Fetching design files from 'sim_1'...
INFO: [USF-XSim-2] XSim::Compile design
INFO: [USF-XSim-61] Executing 'COMPILE and ANALYZE' step in 'C:/Users/ThibaultPB/Desktop/VHDL V2/Implementation-hardware-du-PSO/Position_memory/Position_memory.sim/sim_1/behav/xsim'
"xvhdl --incr --relax -prj position_memory_tb_vhdl.prj"
INFO: [VRFC 10-163] Analyzing VHDL file "C:/Users/ThibaultPB/Desktop/VHDL V2/Implementation-hardware-du-PSO/Position_memory/position_memory.vhd" into library xil_defaultlib
INFO: [VRFC 10-307] analyzing entity PM
INFO: [VRFC 10-163] Analyzing VHDL file "C:/Users/ThibaultPB/Desktop/VHDL V2/Implementation-hardware-du-PSO/Position_memory/Position_memory_tb.vhd" into library xil_defaultlib
INFO: [VRFC 10-307] analyzing entity position_memory_tb
INFO: [USF-XSim-69] 'compile' step finished in '2' seconds
INFO: [USF-XSim-3] XSim::Elaborate design
INFO: [USF-XSim-61] Executing 'ELABORATE' step in 'C:/Users/ThibaultPB/Desktop/VHDL V2/Implementation-hardware-du-PSO/Position_memory/Position_memory.sim/sim_1/behav/xsim'
Vivado Simulator 2018.1
Copyright 1986-1999, 2001-2017 Xilinx, Inc. All Rights Reserved.
Running: D:/Xilinx/Vivado/2018.1/bin/unwrapped/win64.o/xelab.exe -wto 3ee1f51e35ba43959866c6ff0d581d7f --incr --debug typical --relax --mt 2 -L xil_defaultlib -L secureip --snapshot position_memory_tb_behav xil_defaultlib.position_memory_tb -log elaborate.log 
Using 2 slave threads.
Starting static elaboration
Completed static elaboration
Starting simulation data flow analysis
Completed simulation data flow analysis
Time Resolution for simulation is 1ps
Compiling package std.standard
Compiling package std.textio
Compiling package ieee.std_logic_1164
Compiling package ieee.std_logic_arith
Compiling package ieee.std_logic_unsigned
Compiling package synopsys.attributes
Compiling package ieee.std_logic_misc
Compiling package ieee.numeric_std
Compiling package xil_defaultlib.pkg
Compiling architecture rtl of entity xil_defaultlib.PM [pm_default]
Compiling architecture behavioral of entity xil_defaultlib.position_memory_tb
Built simulation snapshot position_memory_tb_behav

****** Webtalk v2018.1 (64-bit)
  **** SW Build 2188600 on Wed Apr  4 18:40:38 MDT 2018
  **** IP Build 2185939 on Wed Apr  4 20:55:05 MDT 2018
    ** Copyright 1986-2018 Xilinx, Inc. All Rights Reserved.

source C:/Users/ThibaultPB/Desktop/VHDL -notrace
couldn't read file "C:/Users/ThibaultPB/Desktop/VHDL": no such file or directory
INFO: [Common 17-206] Exiting Webtalk at Mon Jul 15 02:17:03 2019...
INFO: [USF-XSim-69] 'elaborate' step finished in '2' seconds
INFO: [USF-XSim-4] XSim::Simulate design
INFO: [USF-XSim-61] Executing 'SIMULATE' step in 'C:/Users/ThibaultPB/Desktop/VHDL V2/Implementation-hardware-du-PSO/Position_memory/Position_memory.sim/sim_1/behav/xsim'
INFO: [USF-XSim-98] *** Running xsim
   with args "position_memory_tb_behav -key {Behavioral:sim_1:Functional:position_memory_tb} -tclbatch {position_memory_tb.tcl} -view {{C:/Users/ThibaultPB/Desktop/VHDL V2/Implementation-hardware-du-PSO/Position_memory/position_memory_tb_behav.wcfg}} -log {simulate.log}"
INFO: [USF-XSim-8] Loading simulator feature
Vivado Simulator 2018.1
Time resolution is 1 ps
open_wave_config {C:/Users/ThibaultPB/Desktop/VHDL V2/Implementation-hardware-du-PSO/Position_memory/position_memory_tb_behav.wcfg}
source position_memory_tb.tcl
# set curr_wave [current_wave_config]
# if { [string length $curr_wave] == 0 } {
#   if { [llength [get_objects]] > 0} {
#     add_wave /
#     set_property needs_save false [current_wave_config]
#   } else {
#      send_msg_id Add_Wave-1 WARNING "No top level signals found. Simulator will start without a wave window. If you want to open a wave window go to 'File->New Waveform Configuration' or type 'create_wave_config' in the TCL console."
#   }
# }
# run 1000ns
INFO: [USF-XSim-96] XSim completed. Design snapshot 'position_memory_tb_behav' loaded.
INFO: [USF-XSim-97] XSim simulation ran for 1000ns
launch_simulation: Time (s): cpu = 00:00:06 ; elapsed = 00:00:07 . Memory (MB): peak = 926.988 ; gain = 0.000
save_wave_config {C:/Users/ThibaultPB/Desktop/VHDL V2/Implementation-hardware-du-PSO/Position_memory/position_memory_tb_behav.wcfg}
close_sim
INFO: [Simtcl 6-16] Simulation closed
exit
INFO: [Common 17-206] Exiting Vivado at Mon Jul 15 02:22:53 2019...
