#-----------------------------------------------------------
# Vivado v2018.1 (64-bit)
# SW Build 2188600 on Wed Apr  4 18:40:38 MDT 2018
# IP Build 2185939 on Wed Apr  4 20:55:05 MDT 2018
# Start of session at: Mon Jul 15 02:40:03 2019
# Process ID: 7820
# Current directory: C:/Users/ThibaultPB/Desktop/VHDL V2/Implementation-hardware-du-PSO/Update_Velocity
# Command line: vivado.exe -gui_launcher_event rodinguilauncherevent7340 C:\Users\ThibaultPB\Desktop\VHDL V2\Implementation-hardware-du-PSO\Update_Velocity\Update_Velocity.xpr
# Log file: C:/Users/ThibaultPB/Desktop/VHDL V2/Implementation-hardware-du-PSO/Update_Velocity/vivado.log
# Journal file: C:/Users/ThibaultPB/Desktop/VHDL V2/Implementation-hardware-du-PSO/Update_Velocity\vivado.jou
#-----------------------------------------------------------
start_gui
open_project {C:/Users/ThibaultPB/Desktop/VHDL V2/Implementation-hardware-du-PSO/Update_Velocity/Update_Velocity.xpr}
INFO: [ProjectBase 1-489] The host OS only allows 260 characters in a normal path. The project is stored in a path with more than 80 characters. If you experience issues with IP, Block Designs, or files not being found, please consider moving the project to a location with a shorter path. Alternately consider using the OS subst command to map part of the path to a drive letter.
Current project path is 'C:/Users/ThibaultPB/Desktop/VHDL V2/Implementation-hardware-du-PSO/Update_Velocity'
INFO: [Project 1-313] Project file moved from 'C:/Users/IDEAL-INFO/Desktop/VHDL V2/Update_Velocity' since last save.
Scanning sources...
Finished scanning sources
INFO: [IP_Flow 19-234] Refreshing IP repositories
INFO: [IP_Flow 19-1704] No user IP repositories specified
