#-----------------------------------------------------------
# Vivado v2018.1 (64-bit)
# SW Build 2188600 on Wed Apr  4 18:40:38 MDT 2018
# IP Build 2185939 on Wed Apr  4 20:55:05 MDT 2018
# Start of session at: Fri Jul 12 11:48:06 2019
# Process ID: 8760
# Current directory: C:/Users/IDEAL-INFO/Desktop/VHDL V2/Update_Position
# Command line: vivado.exe -gui_launcher_event rodinguilauncherevent8244 C:\Users\IDEAL-INFO\Desktop\VHDL V2\Update_Position\Update_Position.xpr
# Log file: C:/Users/IDEAL-INFO/Desktop/VHDL V2/Update_Position/vivado.log
# Journal file: C:/Users/IDEAL-INFO/Desktop/VHDL V2/Update_Position\vivado.jou
#-----------------------------------------------------------
start_gui
open_project {C:/Users/IDEAL-INFO/Desktop/VHDL V2/Update_Position/Update_Position.xpr}
Scanning sources...
Finished scanning sources
INFO: [IP_Flow 19-234] Refreshing IP repositories
INFO: [IP_Flow 19-1704] No user IP repositories specified
INFO: [IP_Flow 19-2313] Loaded Vivado IP repository 'C:/Xilinx/Vivado/2018.1/data/ip'.
open_project: Time (s): cpu = 00:00:19 ; elapsed = 00:00:31 . Memory (MB): peak = 862.742 ; gain = 127.672
update_compile_order -fileset sources_1
launch_simulation
INFO: [Vivado 12-5682] Launching behavioral simulation in 'C:/Users/IDEAL-INFO/Desktop/VHDL V2/Update_Position/Update_Position.sim/sim_1/behav/xsim'
INFO: [SIM-utils-51] Simulation object is 'sim_1'
INFO: [SIM-utils-54] Inspecting design source files for 'Update_P_tb' in fileset 'sim_1'...
INFO: [USF-XSim-97] Finding global include files...
INFO: [USF-XSim-98] Fetching design files from 'sim_1'...
INFO: [USF-XSim-2] XSim::Compile design
INFO: [USF-XSim-61] Executing 'COMPILE and ANALYZE' step in 'C:/Users/IDEAL-INFO/Desktop/VHDL V2/Update_Position/Update_Position.sim/sim_1/behav/xsim'
"xvhdl --incr --relax -prj Update_P_tb_vhdl.prj"
INFO: [VRFC 10-163] Analyzing VHDL file "C:/Users/IDEAL-INFO/Desktop/VHDL V2/Update_Position/Update_Position.vhd" into library xil_defaultlib
INFO: [VRFC 10-307] analyzing entity position
INFO: [VRFC 10-163] Analyzing VHDL file "C:/Users/IDEAL-INFO/Desktop/VHDL V2/Update_Position/Update_Position_tb1.vhd" into library xil_defaultlib
INFO: [VRFC 10-307] analyzing entity Update_P_tb
INFO: [USF-XSim-69] 'compile' step finished in '3' seconds
INFO: [USF-XSim-3] XSim::Elaborate design
INFO: [USF-XSim-61] Executing 'ELABORATE' step in 'C:/Users/IDEAL-INFO/Desktop/VHDL V2/Update_Position/Update_Position.sim/sim_1/behav/xsim'
Vivado Simulator 2018.1
Copyright 1986-1999, 2001-2017 Xilinx, Inc. All Rights Reserved.
Running: C:/Xilinx/Vivado/2018.1/bin/unwrapped/win64.o/xelab.exe -wto 9f9eeffab8eb4cccafa3d4d2db0f3315 --incr --debug typical --relax --mt 2 -L xil_defaultlib -L secureip --snapshot Update_P_tb_behav xil_defaultlib.Update_P_tb -log elaborate.log 
Using 2 slave threads.
Starting static elaboration
Completed static elaboration
Starting simulation data flow analysis
Completed simulation data flow analysis
Time Resolution for simulation is 1ps
Compiling package std.standard
Compiling package std.textio
Compiling package ieee.std_logic_1164
Compiling package ieee.std_logic_arith
Compiling package ieee.std_logic_unsigned
Compiling package synopsys.attributes
Compiling package ieee.std_logic_misc
Compiling package ieee.numeric_std
Compiling package xil_defaultlib.pkg
Compiling architecture best of entity xil_defaultlib.position [position_default]
Compiling architecture behavioral of entity xil_defaultlib.update_p_tb
Built simulation snapshot Update_P_tb_behav
INFO: [USF-XSim-69] 'elaborate' step finished in '4' seconds
INFO: [USF-XSim-4] XSim::Simulate design
INFO: [USF-XSim-61] Executing 'SIMULATE' step in 'C:/Users/IDEAL-INFO/Desktop/VHDL V2/Update_Position/Update_Position.sim/sim_1/behav/xsim'
INFO: [USF-XSim-98] *** Running xsim
   with args "Update_P_tb_behav -key {Behavioral:sim_1:Functional:Update_P_tb} -tclbatch {Update_P_tb.tcl} -view {{C:/Users/IDEAL-INFO/Desktop/VHDL V2/Update_Position/Update_P_tb_behav.wcfg}} -log {simulate.log}"
INFO: [USF-XSim-8] Loading simulator feature
Vivado Simulator 2018.1
Time resolution is 1 ps
open_wave_config {C:/Users/IDEAL-INFO/Desktop/VHDL V2/Update_Position/Update_P_tb_behav.wcfg}
source Update_P_tb.tcl
# set curr_wave [current_wave_config]
# if { [string length $curr_wave] == 0 } {
#   if { [llength [get_objects]] > 0} {
#     add_wave /
#     set_property needs_save false [current_wave_config]
#   } else {
#      send_msg_id Add_Wave-1 WARNING "No top level signals found. Simulator will start without a wave window. If you want to open a wave window go to 'File->New Waveform Configuration' or type 'create_wave_config' in the TCL console."
#   }
# }
# run 1000ns
xsim: Time (s): cpu = 00:00:07 ; elapsed = 00:00:11 . Memory (MB): peak = 888.363 ; gain = 9.238
INFO: [USF-XSim-96] XSim completed. Design snapshot 'Update_P_tb_behav' loaded.
INFO: [USF-XSim-97] XSim simulation ran for 1000ns
launch_simulation: Time (s): cpu = 00:00:10 ; elapsed = 00:00:19 . Memory (MB): peak = 888.363 ; gain = 9.238
close_sim
INFO: [Simtcl 6-16] Simulation closed
exit
INFO: [Common 17-206] Exiting Vivado at Fri Jul 12 17:11:46 2019...
