#-----------------------------------------------------------
# Vivado v2018.1 (64-bit)
# SW Build 2188600 on Wed Apr  4 18:40:38 MDT 2018
# IP Build 2185939 on Wed Apr  4 20:55:05 MDT 2018
# Start of session at: Mon Jul 15 02:22:36 2019
# Process ID: 9204
# Current directory: C:/Users/ThibaultPB/Desktop/VHDL V2/Implementation-hardware-du-PSO/Update_Position
# Command line: vivado.exe -gui_launcher_event rodinguilauncherevent8724 C:\Users\ThibaultPB\Desktop\VHDL V2\Implementation-hardware-du-PSO\Update_Position\Update_Position.xpr
# Log file: C:/Users/ThibaultPB/Desktop/VHDL V2/Implementation-hardware-du-PSO/Update_Position/vivado.log
# Journal file: C:/Users/ThibaultPB/Desktop/VHDL V2/Implementation-hardware-du-PSO/Update_Position\vivado.jou
#-----------------------------------------------------------
start_gui
open_project {C:/Users/ThibaultPB/Desktop/VHDL V2/Implementation-hardware-du-PSO/Update_Position/Update_Position.xpr}
INFO: [ProjectBase 1-489] The host OS only allows 260 characters in a normal path. The project is stored in a path with more than 80 characters. If you experience issues with IP, Block Designs, or files not being found, please consider moving the project to a location with a shorter path. Alternately consider using the OS subst command to map part of the path to a drive letter.
Current project path is 'C:/Users/ThibaultPB/Desktop/VHDL V2/Implementation-hardware-du-PSO/Update_Position'
INFO: [Project 1-313] Project file moved from 'C:/Users/IDEAL-INFO/Desktop/VHDL V2/Update_Position' since last save.
Scanning sources...
Finished scanning sources
INFO: [IP_Flow 19-234] Refreshing IP repositories
INFO: [IP_Flow 19-1704] No user IP repositories specified
INFO: [IP_Flow 19-2313] Loaded Vivado IP repository 'D:/Xilinx/Vivado/2018.1/data/ip'.
open_project: Time (s): cpu = 00:00:13 ; elapsed = 00:00:08 . Memory (MB): peak = 847.027 ; gain = 88.453
update_compile_order -fileset sources_1
launch_simulation
INFO: [Vivado 12-5682] Launching behavioral simulation in 'C:/Users/ThibaultPB/Desktop/VHDL V2/Implementation-hardware-du-PSO/Update_Position/Update_Position.sim/sim_1/behav/xsim'
INFO: [SIM-utils-51] Simulation object is 'sim_1'
INFO: [SIM-utils-54] Inspecting design source files for 'Update_P_tb' in fileset 'sim_1'...
INFO: [USF-XSim-97] Finding global include files...
INFO: [USF-XSim-98] Fetching design files from 'sim_1'...
INFO: [USF-XSim-2] XSim::Compile design
INFO: [USF-XSim-61] Executing 'COMPILE and ANALYZE' step in 'C:/Users/ThibaultPB/Desktop/VHDL V2/Implementation-hardware-du-PSO/Update_Position/Update_Position.sim/sim_1/behav/xsim'
"xvhdl --incr --relax -prj Update_P_tb_vhdl.prj"
INFO: [VRFC 10-163] Analyzing VHDL file "C:/Users/ThibaultPB/Desktop/VHDL V2/Implementation-hardware-du-PSO/Update_Position/Update_Position.vhd" into library xil_defaultlib
INFO: [VRFC 10-307] analyzing entity position
INFO: [VRFC 10-163] Analyzing VHDL file "C:/Users/ThibaultPB/Desktop/VHDL V2/Implementation-hardware-du-PSO/Update_Position/Update_Position_tb1.vhd" into library xil_defaultlib
INFO: [VRFC 10-307] analyzing entity Update_P_tb
INFO: [USF-XSim-69] 'compile' step finished in '2' seconds
INFO: [USF-XSim-3] XSim::Elaborate design
INFO: [USF-XSim-61] Executing 'ELABORATE' step in 'C:/Users/ThibaultPB/Desktop/VHDL V2/Implementation-hardware-du-PSO/Update_Position/Update_Position.sim/sim_1/behav/xsim'
Vivado Simulator 2018.1
Copyright 1986-1999, 2001-2017 Xilinx, Inc. All Rights Reserved.
Running: D:/Xilinx/Vivado/2018.1/bin/unwrapped/win64.o/xelab.exe -wto 9f9eeffab8eb4cccafa3d4d2db0f3315 --incr --debug typical --relax --mt 2 -L xil_defaultlib -L secureip --snapshot Update_P_tb_behav xil_defaultlib.Update_P_tb -log elaborate.log 
Using 2 slave threads.
Starting static elaboration
ERROR: [VRFC 10-9] array8 already imposes an index constraint [C:/Users/ThibaultPB/Desktop/VHDL V2/Implementation-hardware-du-PSO/Update_Position/Update_Position_tb1.vhd:25]
ERROR: [XSIM 43-3321] Static elaboration of top level VHDL design unit update_p_tb in library work failed.
INFO: [USF-XSim-69] 'elaborate' step finished in '1' seconds
INFO: [USF-XSim-99] Step results log file:'C:/Users/ThibaultPB/Desktop/VHDL V2/Implementation-hardware-du-PSO/Update_Position/Update_Position.sim/sim_1/behav/xsim/elaborate.log'
ERROR: [USF-XSim-62] 'elaborate' step failed with error(s). Please check the Tcl console output or 'C:/Users/ThibaultPB/Desktop/VHDL V2/Implementation-hardware-du-PSO/Update_Position/Update_Position.sim/sim_1/behav/xsim/elaborate.log' file for more information.
ERROR: [Vivado 12-4473] Detected error while running simulation. Please correct the issue and retry this operation.
ERROR: [Common 17-39] 'launch_simulation' failed due to earlier errors.
reset_run synth_1
launch_runs synth_1 -jobs 4
[Mon Jul 15 02:31:01 2019] Launched synth_1...
Run output will be captured here: C:/Users/ThibaultPB/Desktop/VHDL V2/Implementation-hardware-du-PSO/Update_Position/Update_Position.runs/synth_1/runme.log
reset_run synth_1
launch_runs synth_1 -jobs 4
[Mon Jul 15 02:35:08 2019] Launched synth_1...
Run output will be captured here: C:/Users/ThibaultPB/Desktop/VHDL V2/Implementation-hardware-du-PSO/Update_Position/Update_Position.runs/synth_1/runme.log
launch_simulation
INFO: [Vivado 12-5682] Launching behavioral simulation in 'C:/Users/ThibaultPB/Desktop/VHDL V2/Implementation-hardware-du-PSO/Update_Position/Update_Position.sim/sim_1/behav/xsim'
INFO: [SIM-utils-51] Simulation object is 'sim_1'
INFO: [SIM-utils-54] Inspecting design source files for 'Update_P_tb' in fileset 'sim_1'...
INFO: [USF-XSim-97] Finding global include files...
INFO: [USF-XSim-98] Fetching design files from 'sim_1'...
INFO: [USF-XSim-2] XSim::Compile design
INFO: [USF-XSim-61] Executing 'COMPILE and ANALYZE' step in 'C:/Users/ThibaultPB/Desktop/VHDL V2/Implementation-hardware-du-PSO/Update_Position/Update_Position.sim/sim_1/behav/xsim'
"xvhdl --incr --relax -prj Update_P_tb_vhdl.prj"
INFO: [VRFC 10-163] Analyzing VHDL file "C:/Users/ThibaultPB/Desktop/VHDL V2/Implementation-hardware-du-PSO/Update_Position/Update_Position.vhd" into library xil_defaultlib
INFO: [VRFC 10-307] analyzing entity position
INFO: [VRFC 10-163] Analyzing VHDL file "C:/Users/ThibaultPB/Desktop/VHDL V2/Implementation-hardware-du-PSO/Update_Position/Update_Position_tb1.vhd" into library xil_defaultlib
INFO: [VRFC 10-307] analyzing entity Update_P_tb
INFO: [USF-XSim-69] 'compile' step finished in '1' seconds
INFO: [USF-XSim-3] XSim::Elaborate design
INFO: [USF-XSim-61] Executing 'ELABORATE' step in 'C:/Users/ThibaultPB/Desktop/VHDL V2/Implementation-hardware-du-PSO/Update_Position/Update_Position.sim/sim_1/behav/xsim'
Vivado Simulator 2018.1
Copyright 1986-1999, 2001-2017 Xilinx, Inc. All Rights Reserved.
Running: D:/Xilinx/Vivado/2018.1/bin/unwrapped/win64.o/xelab.exe -wto 9f9eeffab8eb4cccafa3d4d2db0f3315 --incr --debug typical --relax --mt 2 -L xil_defaultlib -L secureip --snapshot Update_P_tb_behav xil_defaultlib.Update_P_tb -log elaborate.log 
Using 2 slave threads.
Starting static elaboration
Completed static elaboration
Starting simulation data flow analysis
Completed simulation data flow analysis
Time Resolution for simulation is 1ps
Compiling package std.standard
Compiling package std.textio
Compiling package ieee.std_logic_1164
Compiling package ieee.std_logic_arith
Compiling package ieee.std_logic_unsigned
Compiling package synopsys.attributes
Compiling package ieee.std_logic_misc
Compiling package ieee.numeric_std
Compiling package xil_defaultlib.pkg
Compiling architecture best of entity xil_defaultlib.position [position_default]
Compiling architecture behavioral of entity xil_defaultlib.update_p_tb
Built simulation snapshot Update_P_tb_behav

****** Webtalk v2018.1 (64-bit)
  **** SW Build 2188600 on Wed Apr  4 18:40:38 MDT 2018
  **** IP Build 2185939 on Wed Apr  4 20:55:05 MDT 2018
    ** Copyright 1986-2018 Xilinx, Inc. All Rights Reserved.

source C:/Users/ThibaultPB/Desktop/VHDL -notrace
couldn't read file "C:/Users/ThibaultPB/Desktop/VHDL": no such file or directory
INFO: [Common 17-206] Exiting Webtalk at Mon Jul 15 02:36:57 2019...
INFO: [USF-XSim-69] 'elaborate' step finished in '3' seconds
INFO: [USF-XSim-4] XSim::Simulate design
INFO: [USF-XSim-61] Executing 'SIMULATE' step in 'C:/Users/ThibaultPB/Desktop/VHDL V2/Implementation-hardware-du-PSO/Update_Position/Update_Position.sim/sim_1/behav/xsim'
INFO: [USF-XSim-98] *** Running xsim
   with args "Update_P_tb_behav -key {Behavioral:sim_1:Functional:Update_P_tb} -tclbatch {Update_P_tb.tcl} -view {{C:/Users/ThibaultPB/Desktop/VHDL V2/Implementation-hardware-du-PSO/Update_Position/Update_P_tb_behav.wcfg}} -log {simulate.log}"
INFO: [USF-XSim-8] Loading simulator feature
Vivado Simulator 2018.1
Time resolution is 1 ps
open_wave_config {C:/Users/ThibaultPB/Desktop/VHDL V2/Implementation-hardware-du-PSO/Update_Position/Update_P_tb_behav.wcfg}
source Update_P_tb.tcl
# set curr_wave [current_wave_config]
# if { [string length $curr_wave] == 0 } {
#   if { [llength [get_objects]] > 0} {
#     add_wave /
#     set_property needs_save false [current_wave_config]
#   } else {
#      send_msg_id Add_Wave-1 WARNING "No top level signals found. Simulator will start without a wave window. If you want to open a wave window go to 'File->New Waveform Configuration' or type 'create_wave_config' in the TCL console."
#   }
# }
# run 1000ns
INFO: [USF-XSim-96] XSim completed. Design snapshot 'Update_P_tb_behav' loaded.
INFO: [USF-XSim-97] XSim simulation ran for 1000ns
launch_simulation: Time (s): cpu = 00:00:05 ; elapsed = 00:00:07 . Memory (MB): peak = 899.578 ; gain = 0.000
save_wave_config {C:/Users/ThibaultPB/Desktop/VHDL V2/Implementation-hardware-du-PSO/Update_Position/Update_P_tb_behav.wcfg}
