#-----------------------------------------------------------
# Vivado v2018.1 (64-bit)
# SW Build 2188600 on Wed Apr  4 18:40:38 MDT 2018
# IP Build 2185939 on Wed Apr  4 20:55:05 MDT 2018
# Start of session at: Tue Jul  2 13:34:53 2019
# Process ID: 9464
# Current directory: C:/Users/IDEAL-INFO/Desktop/VHDL V2/Update_Position
# Command line: vivado.exe -gui_launcher_event rodinguilauncherevent10192 C:\Users\IDEAL-INFO\Desktop\VHDL V2\Update_Position\Update_Position.xpr
# Log file: C:/Users/IDEAL-INFO/Desktop/VHDL V2/Update_Position/vivado.log
# Journal file: C:/Users/IDEAL-INFO/Desktop/VHDL V2/Update_Position\vivado.jou
#-----------------------------------------------------------
start_gui
open_project {C:/Users/IDEAL-INFO/Desktop/VHDL V2/Update_Position/Update_Position.xpr}
INFO: [Project 1-313] Project file moved from 'C:/Users/IDEAL-INFO/Desktop/RNG4/Update_Position' since last save.
Scanning sources...
Finished scanning sources
INFO: [IP_Flow 19-234] Refreshing IP repositories
INFO: [IP_Flow 19-1704] No user IP repositories specified
INFO: [IP_Flow 19-2313] Loaded Vivado IP repository 'C:/Xilinx/Vivado/2018.1/data/ip'.
open_project: Time (s): cpu = 00:00:23 ; elapsed = 00:00:25 . Memory (MB): peak = 819.184 ; gain = 136.117
update_compile_order -fileset sources_1
reset_run synth_1
launch_runs synth_1 -jobs 3
[Tue Jul  2 15:12:37 2019] Launched synth_1...
Run output will be captured here: C:/Users/IDEAL-INFO/Desktop/VHDL V2/Update_Position/Update_Position.runs/synth_1/runme.log
exit
INFO: [Common 17-206] Exiting Vivado at Tue Jul  2 16:18:13 2019...
