#-----------------------------------------------------------
# Vivado v2018.1 (64-bit)
# SW Build 2188600 on Wed Apr  4 18:40:38 MDT 2018
# IP Build 2185939 on Wed Apr  4 20:55:05 MDT 2018
# Start of session at: Mon Jul 15 15:30:15 2019
# Process ID: 10220
# Current directory: C:/Users/IDEAL-INFO/Desktop/VHDL V2/Implementation-hardware-du-PSO/velocity_memory
# Command line: vivado.exe -gui_launcher_event rodinguilauncherevent6948 C:\Users\IDEAL-INFO\Desktop\VHDL V2\Implementation-hardware-du-PSO\velocity_memory\velocity_memory.xpr
# Log file: C:/Users/IDEAL-INFO/Desktop/VHDL V2/Implementation-hardware-du-PSO/velocity_memory/vivado.log
# Journal file: C:/Users/IDEAL-INFO/Desktop/VHDL V2/Implementation-hardware-du-PSO/velocity_memory\vivado.jou
#-----------------------------------------------------------
start_gui
open_project {C:/Users/IDEAL-INFO/Desktop/VHDL V2/Implementation-hardware-du-PSO/velocity_memory/velocity_memory.xpr}
INFO: [ProjectBase 1-489] The host OS only allows 260 characters in a normal path. The project is stored in a path with more than 80 characters. If you experience issues with IP, Block Designs, or files not being found, please consider moving the project to a location with a shorter path. Alternately consider using the OS subst command to map part of the path to a drive letter.
Current project path is 'C:/Users/IDEAL-INFO/Desktop/VHDL V2/Implementation-hardware-du-PSO/velocity_memory'
INFO: [Project 1-313] Project file moved from 'C:/Users/ThibaultPB/Desktop/VHDL V2/Implementation-hardware-du-PSO/velocity_memory' since last save.
Scanning sources...
Finished scanning sources
INFO: [IP_Flow 19-234] Refreshing IP repositories
INFO: [IP_Flow 19-1704] No user IP repositories specified
INFO: [IP_Flow 19-2313] Loaded Vivado IP repository 'C:/Xilinx/Vivado/2018.1/data/ip'.
open_project: Time (s): cpu = 00:00:16 ; elapsed = 00:00:08 . Memory (MB): peak = 874.566 ; gain = 140.418
update_compile_order -fileset sources_1
launch_simulation
INFO: [Vivado 12-5682] Launching behavioral simulation in 'C:/Users/IDEAL-INFO/Desktop/VHDL V2/Implementation-hardware-du-PSO/velocity_memory/velocity_memory.sim/sim_1/behav/xsim'
INFO: [SIM-utils-51] Simulation object is 'sim_1'
INFO: [SIM-utils-54] Inspecting design source files for 'velocity_memory_tb' in fileset 'sim_1'...
INFO: [USF-XSim-97] Finding global include files...
INFO: [USF-XSim-98] Fetching design files from 'sim_1'...
INFO: [USF-XSim-2] XSim::Compile design
INFO: [USF-XSim-61] Executing 'COMPILE and ANALYZE' step in 'C:/Users/IDEAL-INFO/Desktop/VHDL V2/Implementation-hardware-du-PSO/velocity_memory/velocity_memory.sim/sim_1/behav/xsim'
"xvhdl --incr --relax -prj velocity_memory_tb_vhdl.prj"
INFO: [VRFC 10-163] Analyzing VHDL file "C:/Users/IDEAL-INFO/Desktop/VHDL V2/Implementation-hardware-du-PSO/velocity_memory/velocity_memory.vhd" into library xil_defaultlib
INFO: [VRFC 10-307] analyzing entity VM
INFO: [VRFC 10-163] Analyzing VHDL file "C:/Users/IDEAL-INFO/Desktop/VHDL V2/Implementation-hardware-du-PSO/velocity_memory/velocity_memory_tb.vhd" into library xil_defaultlib
INFO: [VRFC 10-307] analyzing entity velocity_memory_tb
INFO: [USF-XSim-69] 'compile' step finished in '2' seconds
INFO: [USF-XSim-3] XSim::Elaborate design
INFO: [USF-XSim-61] Executing 'ELABORATE' step in 'C:/Users/IDEAL-INFO/Desktop/VHDL V2/Implementation-hardware-du-PSO/velocity_memory/velocity_memory.sim/sim_1/behav/xsim'
Vivado Simulator 2018.1
Copyright 1986-1999, 2001-2017 Xilinx, Inc. All Rights Reserved.
Running: C:/Xilinx/Vivado/2018.1/bin/unwrapped/win64.o/xelab.exe -wto b743b581e4664b2d94daf1f9d073840b --incr --debug typical --relax --mt 2 -L xil_defaultlib -L secureip --snapshot velocity_memory_tb_behav xil_defaultlib.velocity_memory_tb -log elaborate.log 
Using 2 slave threads.
Starting static elaboration
Completed static elaboration
Starting simulation data flow analysis
Completed simulation data flow analysis
Time Resolution for simulation is 1ps
Compiling package std.standard
Compiling package std.textio
Compiling package ieee.std_logic_1164
Compiling package ieee.std_logic_arith
Compiling package ieee.std_logic_unsigned
Compiling package synopsys.attributes
Compiling package ieee.std_logic_misc
Compiling package ieee.numeric_std
Compiling package xil_defaultlib.pkg
Compiling architecture rtl of entity xil_defaultlib.VM [vm_default]
Compiling architecture behavioral of entity xil_defaultlib.velocity_memory_tb
Built simulation snapshot velocity_memory_tb_behav
INFO: [USF-XSim-69] 'elaborate' step finished in '4' seconds
INFO: [USF-XSim-4] XSim::Simulate design
INFO: [USF-XSim-61] Executing 'SIMULATE' step in 'C:/Users/IDEAL-INFO/Desktop/VHDL V2/Implementation-hardware-du-PSO/velocity_memory/velocity_memory.sim/sim_1/behav/xsim'
INFO: [USF-XSim-98] *** Running xsim
   with args "velocity_memory_tb_behav -key {Behavioral:sim_1:Functional:velocity_memory_tb} -tclbatch {velocity_memory_tb.tcl} -view {{C:/Users/IDEAL-INFO/Desktop/VHDL V2/Implementation-hardware-du-PSO/velocity_memory/velocity_memory_tb_behav.wcfg}} -log {simulate.log}"
INFO: [USF-XSim-8] Loading simulator feature
Vivado Simulator 2018.1
Time resolution is 1 ps
open_wave_config {C:/Users/IDEAL-INFO/Desktop/VHDL V2/Implementation-hardware-du-PSO/velocity_memory/velocity_memory_tb_behav.wcfg}
source velocity_memory_tb.tcl
# set curr_wave [current_wave_config]
# if { [string length $curr_wave] == 0 } {
#   if { [llength [get_objects]] > 0} {
#     add_wave /
#     set_property needs_save false [current_wave_config]
#   } else {
#      send_msg_id Add_Wave-1 WARNING "No top level signals found. Simulator will start without a wave window. If you want to open a wave window go to 'File->New Waveform Configuration' or type 'create_wave_config' in the TCL console."
#   }
# }
# run 1000ns
xsim: Time (s): cpu = 00:00:07 ; elapsed = 00:00:14 . Memory (MB): peak = 912.820 ; gain = 16.152
INFO: [USF-XSim-96] XSim completed. Design snapshot 'velocity_memory_tb_behav' loaded.
INFO: [USF-XSim-97] XSim simulation ran for 1000ns
launch_simulation: Time (s): cpu = 00:00:10 ; elapsed = 00:00:26 . Memory (MB): peak = 912.820 ; gain = 17.219
save_wave_config {C:/Users/IDEAL-INFO/Desktop/VHDL V2/Implementation-hardware-du-PSO/velocity_memory/velocity_memory_tb_behav.wcfg}
close_sim
INFO: [Simtcl 6-16] Simulation closed
exit
INFO: [Common 17-206] Exiting Vivado at Mon Jul 15 17:27:33 2019...
