#-----------------------------------------------------------
# Vivado v2018.1 (64-bit)
# SW Build 2188600 on Wed Apr  4 18:40:38 MDT 2018
# IP Build 2185939 on Wed Apr  4 20:55:05 MDT 2018
# Start of session at: Thu Jul 11 22:45:09 2019
# Process ID: 14692
# Current directory: C:/Users/IDEAL-INFO/Desktop/VHDL V2/velocity_memory
# Command line: vivado.exe -gui_launcher_event rodinguilauncherevent2188 C:\Users\IDEAL-INFO\Desktop\VHDL V2\velocity_memory\velocity_memory.xpr
# Log file: C:/Users/IDEAL-INFO/Desktop/VHDL V2/velocity_memory/vivado.log
# Journal file: C:/Users/IDEAL-INFO/Desktop/VHDL V2/velocity_memory\vivado.jou
#-----------------------------------------------------------
start_gui
open_project {C:/Users/IDEAL-INFO/Desktop/VHDL V2/velocity_memory/velocity_memory.xpr}
Scanning sources...
Finished scanning sources
INFO: [IP_Flow 19-234] Refreshing IP repositories
INFO: [IP_Flow 19-1704] No user IP repositories specified
INFO: [IP_Flow 19-2313] Loaded Vivado IP repository 'C:/Xilinx/Vivado/2018.1/data/ip'.
open_project: Time (s): cpu = 00:00:18 ; elapsed = 00:00:35 . Memory (MB): peak = 775.238 ; gain = 120.414
update_compile_order -fileset sources_1
set_property SOURCE_SET sources_1 [get_filesets sim_1]
close [ open {C:/Users/IDEAL-INFO/Desktop/VHDL V2/velocity_memory/velocity_memory_tb.vhd} w ]
add_files -fileset sim_1 {{C:/Users/IDEAL-INFO/Desktop/VHDL V2/velocity_memory/velocity_memory_tb.vhd}}
update_compile_order -fileset sim_1
update_compile_order -fileset sim_1
reset_run synth_1
launch_runs synth_1 -jobs 3
[Thu Jul 11 23:03:17 2019] Launched synth_1...
Run output will be captured here: C:/Users/IDEAL-INFO/Desktop/VHDL V2/velocity_memory/velocity_memory.runs/synth_1/runme.log
launch_simulation
INFO: [Vivado 12-5682] Launching behavioral simulation in 'C:/Users/IDEAL-INFO/Desktop/VHDL V2/velocity_memory/velocity_memory.sim/sim_1/behav/xsim'
INFO: [SIM-utils-51] Simulation object is 'sim_1'
INFO: [SIM-utils-54] Inspecting design source files for 'velocity_memory_tb' in fileset 'sim_1'...
INFO: [USF-XSim-97] Finding global include files...
INFO: [USF-XSim-98] Fetching design files from 'sim_1'...
INFO: [USF-XSim-2] XSim::Compile design
INFO: [USF-XSim-61] Executing 'COMPILE and ANALYZE' step in 'C:/Users/IDEAL-INFO/Desktop/VHDL V2/velocity_memory/velocity_memory.sim/sim_1/behav/xsim'
"xvhdl --incr --relax -prj velocity_memory_tb_vhdl.prj"
INFO: [VRFC 10-163] Analyzing VHDL file "C:/Users/IDEAL-INFO/Desktop/VHDL V2/velocity_memory/velocity_memory.vhd" into library xil_defaultlib
INFO: [VRFC 10-307] analyzing entity RAM1
INFO: [VRFC 10-163] Analyzing VHDL file "C:/Users/IDEAL-INFO/Desktop/VHDL V2/velocity_memory/velocity_memory_tb.vhd" into library xil_defaultlib
INFO: [VRFC 10-307] analyzing entity velocity_memory_tb
INFO: [USF-XSim-69] 'compile' step finished in '5' seconds
INFO: [USF-XSim-3] XSim::Elaborate design
INFO: [USF-XSim-61] Executing 'ELABORATE' step in 'C:/Users/IDEAL-INFO/Desktop/VHDL V2/velocity_memory/velocity_memory.sim/sim_1/behav/xsim'
Vivado Simulator 2018.1
Copyright 1986-1999, 2001-2017 Xilinx, Inc. All Rights Reserved.
Running: C:/Xilinx/Vivado/2018.1/bin/unwrapped/win64.o/xelab.exe -wto b743b581e4664b2d94daf1f9d073840b --incr --debug typical --relax --mt 2 -L xil_defaultlib -L secureip --snapshot velocity_memory_tb_behav xil_defaultlib.velocity_memory_tb -log elaborate.log 
Using 2 slave threads.
Starting static elaboration
ERROR: [VRFC 10-9] array8 already imposes an index constraint [C:/Users/IDEAL-INFO/Desktop/VHDL V2/velocity_memory/velocity_memory_tb.vhd:28]
ERROR: [XSIM 43-3321] Static elaboration of top level VHDL design unit velocity_memory_tb in library work failed.
INFO: [USF-XSim-69] 'elaborate' step finished in '2' seconds
INFO: [USF-XSim-99] Step results log file:'C:/Users/IDEAL-INFO/Desktop/VHDL V2/velocity_memory/velocity_memory.sim/sim_1/behav/xsim/elaborate.log'
ERROR: [USF-XSim-62] 'elaborate' step failed with error(s). Please check the Tcl console output or 'C:/Users/IDEAL-INFO/Desktop/VHDL V2/velocity_memory/velocity_memory.sim/sim_1/behav/xsim/elaborate.log' file for more information.
ERROR: [Vivado 12-4473] Detected error while running simulation. Please correct the issue and retry this operation.
launch_simulation: Time (s): cpu = 00:00:02 ; elapsed = 00:00:18 . Memory (MB): peak = 820.074 ; gain = 0.348
ERROR: [Common 17-39] 'launch_simulation' failed due to earlier errors.
launch_simulation
INFO: [Vivado 12-5682] Launching behavioral simulation in 'C:/Users/IDEAL-INFO/Desktop/VHDL V2/velocity_memory/velocity_memory.sim/sim_1/behav/xsim'
INFO: [SIM-utils-51] Simulation object is 'sim_1'
INFO: [SIM-utils-54] Inspecting design source files for 'velocity_memory_tb' in fileset 'sim_1'...
INFO: [USF-XSim-97] Finding global include files...
INFO: [USF-XSim-98] Fetching design files from 'sim_1'...
INFO: [USF-XSim-2] XSim::Compile design
INFO: [USF-XSim-61] Executing 'COMPILE and ANALYZE' step in 'C:/Users/IDEAL-INFO/Desktop/VHDL V2/velocity_memory/velocity_memory.sim/sim_1/behav/xsim'
"xvhdl --incr --relax -prj velocity_memory_tb_vhdl.prj"
INFO: [VRFC 10-163] Analyzing VHDL file "C:/Users/IDEAL-INFO/Desktop/VHDL V2/velocity_memory/velocity_memory_tb.vhd" into library xil_defaultlib
INFO: [VRFC 10-307] analyzing entity velocity_memory_tb
INFO: [USF-XSim-69] 'compile' step finished in '1' seconds
INFO: [USF-XSim-3] XSim::Elaborate design
INFO: [USF-XSim-61] Executing 'ELABORATE' step in 'C:/Users/IDEAL-INFO/Desktop/VHDL V2/velocity_memory/velocity_memory.sim/sim_1/behav/xsim'
Vivado Simulator 2018.1
Copyright 1986-1999, 2001-2017 Xilinx, Inc. All Rights Reserved.
Running: C:/Xilinx/Vivado/2018.1/bin/unwrapped/win64.o/xelab.exe -wto b743b581e4664b2d94daf1f9d073840b --incr --debug typical --relax --mt 2 -L xil_defaultlib -L secureip --snapshot velocity_memory_tb_behav xil_defaultlib.velocity_memory_tb -log elaborate.log 
Using 2 slave threads.
Starting static elaboration
ERROR: [VRFC 10-664] expression has 3 elements ; expected 4 [C:/Users/IDEAL-INFO/Desktop/VHDL V2/velocity_memory/velocity_memory_tb.vhd:66]
ERROR: [XSIM 43-3321] Static elaboration of top level VHDL design unit velocity_memory_tb in library work failed.
INFO: [USF-XSim-69] 'elaborate' step finished in '1' seconds
INFO: [USF-XSim-99] Step results log file:'C:/Users/IDEAL-INFO/Desktop/VHDL V2/velocity_memory/velocity_memory.sim/sim_1/behav/xsim/elaborate.log'
ERROR: [USF-XSim-62] 'elaborate' step failed with error(s). Please check the Tcl console output or 'C:/Users/IDEAL-INFO/Desktop/VHDL V2/velocity_memory/velocity_memory.sim/sim_1/behav/xsim/elaborate.log' file for more information.
ERROR: [Vivado 12-4473] Detected error while running simulation. Please correct the issue and retry this operation.
ERROR: [Common 17-39] 'launch_simulation' failed due to earlier errors.
launch_simulation
INFO: [Vivado 12-5682] Launching behavioral simulation in 'C:/Users/IDEAL-INFO/Desktop/VHDL V2/velocity_memory/velocity_memory.sim/sim_1/behav/xsim'
INFO: [SIM-utils-51] Simulation object is 'sim_1'
INFO: [SIM-utils-54] Inspecting design source files for 'velocity_memory_tb' in fileset 'sim_1'...
INFO: [USF-XSim-97] Finding global include files...
INFO: [USF-XSim-98] Fetching design files from 'sim_1'...
INFO: [USF-XSim-2] XSim::Compile design
INFO: [USF-XSim-61] Executing 'COMPILE and ANALYZE' step in 'C:/Users/IDEAL-INFO/Desktop/VHDL V2/velocity_memory/velocity_memory.sim/sim_1/behav/xsim'
"xvhdl --incr --relax -prj velocity_memory_tb_vhdl.prj"
INFO: [VRFC 10-163] Analyzing VHDL file "C:/Users/IDEAL-INFO/Desktop/VHDL V2/velocity_memory/velocity_memory_tb.vhd" into library xil_defaultlib
INFO: [VRFC 10-307] analyzing entity velocity_memory_tb
INFO: [USF-XSim-69] 'compile' step finished in '1' seconds
INFO: [USF-XSim-3] XSim::Elaborate design
INFO: [USF-XSim-61] Executing 'ELABORATE' step in 'C:/Users/IDEAL-INFO/Desktop/VHDL V2/velocity_memory/velocity_memory.sim/sim_1/behav/xsim'
Vivado Simulator 2018.1
Copyright 1986-1999, 2001-2017 Xilinx, Inc. All Rights Reserved.
Running: C:/Xilinx/Vivado/2018.1/bin/unwrapped/win64.o/xelab.exe -wto b743b581e4664b2d94daf1f9d073840b --incr --debug typical --relax --mt 2 -L xil_defaultlib -L secureip --snapshot velocity_memory_tb_behav xil_defaultlib.velocity_memory_tb -log elaborate.log 
Using 2 slave threads.
Starting static elaboration
Completed static elaboration
Starting simulation data flow analysis
Completed simulation data flow analysis
Time Resolution for simulation is 1ps
Compiling package std.standard
Compiling package std.textio
Compiling package ieee.std_logic_1164
Compiling package ieee.std_logic_arith
Compiling package ieee.std_logic_unsigned
Compiling package synopsys.attributes
Compiling package ieee.std_logic_misc
Compiling package ieee.numeric_std
Compiling package xil_defaultlib.pkg
Compiling architecture rtl of entity xil_defaultlib.RAM1 [ram1_default]
Compiling architecture behavioral of entity xil_defaultlib.velocity_memory_tb
Built simulation snapshot velocity_memory_tb_behav

****** Webtalk v2018.1 (64-bit)
  **** SW Build 2188600 on Wed Apr  4 18:40:38 MDT 2018
  **** IP Build 2185939 on Wed Apr  4 20:55:05 MDT 2018
    ** Copyright 1986-2018 Xilinx, Inc. All Rights Reserved.

source C:/Users/IDEAL-INFO/Desktop/VHDL -notrace
couldn't read file "C:/Users/IDEAL-INFO/Desktop/VHDL": no such file or directory
INFO: [Common 17-206] Exiting Webtalk at Thu Jul 11 23:12:10 2019...
run_program: Time (s): cpu = 00:00:00 ; elapsed = 00:00:05 . Memory (MB): peak = 826.570 ; gain = 0.000
INFO: [USF-XSim-69] 'elaborate' step finished in '5' seconds
INFO: [USF-XSim-4] XSim::Simulate design
INFO: [USF-XSim-61] Executing 'SIMULATE' step in 'C:/Users/IDEAL-INFO/Desktop/VHDL V2/velocity_memory/velocity_memory.sim/sim_1/behav/xsim'
INFO: [USF-XSim-98] *** Running xsim
   with args "velocity_memory_tb_behav -key {Behavioral:sim_1:Functional:velocity_memory_tb} -tclbatch {velocity_memory_tb.tcl} -log {simulate.log}"
INFO: [USF-XSim-8] Loading simulator feature
Vivado Simulator 2018.1
Time resolution is 1 ps
source velocity_memory_tb.tcl
# set curr_wave [current_wave_config]
# if { [string length $curr_wave] == 0 } {
#   if { [llength [get_objects]] > 0} {
#     add_wave /
#     set_property needs_save false [current_wave_config]
#   } else {
#      send_msg_id Add_Wave-1 WARNING "No top level signals found. Simulator will start without a wave window. If you want to open a wave window go to 'File->New Waveform Configuration' or type 'create_wave_config' in the TCL console."
#   }
# }
# run 1000ns
xsim: Time (s): cpu = 00:00:05 ; elapsed = 00:00:22 . Memory (MB): peak = 839.531 ; gain = 12.961
INFO: [USF-XSim-96] XSim completed. Design snapshot 'velocity_memory_tb_behav' loaded.
INFO: [USF-XSim-97] XSim simulation ran for 1000ns
launch_simulation: Time (s): cpu = 00:00:06 ; elapsed = 00:00:29 . Memory (MB): peak = 839.531 ; gain = 12.961
relaunch_sim
INFO: [Vivado 12-5682] Launching behavioral simulation in 'C:/Users/IDEAL-INFO/Desktop/VHDL V2/velocity_memory/velocity_memory.sim/sim_1/behav/xsim'
INFO: [SIM-utils-51] Simulation object is 'sim_1'
INFO: [SIM-utils-54] Inspecting design source files for 'velocity_memory_tb' in fileset 'sim_1'...
INFO: [USF-XSim-97] Finding global include files...
INFO: [USF-XSim-98] Fetching design files from 'sim_1'...
INFO: [USF-XSim-2] XSim::Compile design
INFO: [USF-XSim-61] Executing 'COMPILE and ANALYZE' step in 'C:/Users/IDEAL-INFO/Desktop/VHDL V2/velocity_memory/velocity_memory.sim/sim_1/behav/xsim'
"xvhdl --incr --relax -prj velocity_memory_tb_vhdl.prj"
INFO: [VRFC 10-163] Analyzing VHDL file "C:/Users/IDEAL-INFO/Desktop/VHDL V2/velocity_memory/velocity_memory_tb.vhd" into library xil_defaultlib
INFO: [VRFC 10-307] analyzing entity velocity_memory_tb
INFO: [USF-XSim-69] 'compile' step finished in '2' seconds
INFO: [Vivado 12-5682] Launching behavioral simulation in 'C:/Users/IDEAL-INFO/Desktop/VHDL V2/velocity_memory/velocity_memory.sim/sim_1/behav/xsim'
INFO: [USF-XSim-3] XSim::Elaborate design
INFO: [USF-XSim-61] Executing 'ELABORATE' step in 'C:/Users/IDEAL-INFO/Desktop/VHDL V2/velocity_memory/velocity_memory.sim/sim_1/behav/xsim'
Vivado Simulator 2018.1
Copyright 1986-1999, 2001-2017 Xilinx, Inc. All Rights Reserved.
Running: C:/Xilinx/Vivado/2018.1/bin/unwrapped/win64.o/xelab.exe -wto b743b581e4664b2d94daf1f9d073840b --incr --debug typical --relax --mt 2 -L xil_defaultlib -L secureip --snapshot velocity_memory_tb_behav xil_defaultlib.velocity_memory_tb -log elaborate.log 
Using 2 slave threads.
Starting static elaboration
Completed static elaboration
Starting simulation data flow analysis
Completed simulation data flow analysis
Time Resolution for simulation is 1ps
Compiling package std.standard
Compiling package std.textio
Compiling package ieee.std_logic_1164
Compiling package ieee.std_logic_arith
Compiling package ieee.std_logic_unsigned
Compiling package synopsys.attributes
Compiling package ieee.std_logic_misc
Compiling package ieee.numeric_std
Compiling package xil_defaultlib.pkg
Compiling architecture rtl of entity xil_defaultlib.RAM1 [ram1_default]
Compiling architecture behavioral of entity xil_defaultlib.velocity_memory_tb
Built simulation snapshot velocity_memory_tb_behav
INFO: [USF-XSim-69] 'elaborate' step finished in '3' seconds
Vivado Simulator 2018.1
Time resolution is 1 ps
relaunch_xsim_kernel: Time (s): cpu = 00:00:01 ; elapsed = 00:00:08 . Memory (MB): peak = 844.504 ; gain = 0.000
relaunch_sim: Time (s): cpu = 00:00:01 ; elapsed = 00:00:19 . Memory (MB): peak = 844.504 ; gain = 0.000
relaunch_sim
INFO: [Vivado 12-5682] Launching behavioral simulation in 'C:/Users/IDEAL-INFO/Desktop/VHDL V2/velocity_memory/velocity_memory.sim/sim_1/behav/xsim'
INFO: [SIM-utils-51] Simulation object is 'sim_1'
INFO: [SIM-utils-54] Inspecting design source files for 'velocity_memory_tb' in fileset 'sim_1'...
INFO: [USF-XSim-97] Finding global include files...
INFO: [USF-XSim-98] Fetching design files from 'sim_1'...
INFO: [USF-XSim-2] XSim::Compile design
INFO: [USF-XSim-61] Executing 'COMPILE and ANALYZE' step in 'C:/Users/IDEAL-INFO/Desktop/VHDL V2/velocity_memory/velocity_memory.sim/sim_1/behav/xsim'
"xvhdl --incr --relax -prj velocity_memory_tb_vhdl.prj"
INFO: [VRFC 10-163] Analyzing VHDL file "C:/Users/IDEAL-INFO/Desktop/VHDL V2/velocity_memory/velocity_memory.vhd" into library xil_defaultlib
INFO: [VRFC 10-307] analyzing entity RAM1
INFO: [VRFC 10-163] Analyzing VHDL file "C:/Users/IDEAL-INFO/Desktop/VHDL V2/velocity_memory/velocity_memory_tb.vhd" into library xil_defaultlib
INFO: [VRFC 10-307] analyzing entity velocity_memory_tb
INFO: [USF-XSim-69] 'compile' step finished in '1' seconds
INFO: [Vivado 12-5682] Launching behavioral simulation in 'C:/Users/IDEAL-INFO/Desktop/VHDL V2/velocity_memory/velocity_memory.sim/sim_1/behav/xsim'
INFO: [USF-XSim-3] XSim::Elaborate design
INFO: [USF-XSim-61] Executing 'ELABORATE' step in 'C:/Users/IDEAL-INFO/Desktop/VHDL V2/velocity_memory/velocity_memory.sim/sim_1/behav/xsim'
Vivado Simulator 2018.1
Copyright 1986-1999, 2001-2017 Xilinx, Inc. All Rights Reserved.
Running: C:/Xilinx/Vivado/2018.1/bin/unwrapped/win64.o/xelab.exe -wto b743b581e4664b2d94daf1f9d073840b --incr --debug typical --relax --mt 2 -L xil_defaultlib -L secureip --snapshot velocity_memory_tb_behav xil_defaultlib.velocity_memory_tb -log elaborate.log 
Using 2 slave threads.
Starting static elaboration
Completed static elaboration
Starting simulation data flow analysis
Completed simulation data flow analysis
Time Resolution for simulation is 1ps
Compiling package std.standard
Compiling package std.textio
Compiling package ieee.std_logic_1164
Compiling package ieee.std_logic_arith
Compiling package ieee.std_logic_unsigned
Compiling package synopsys.attributes
Compiling package ieee.std_logic_misc
Compiling package ieee.numeric_std
Compiling package xil_defaultlib.pkg
Compiling architecture rtl of entity xil_defaultlib.RAM1 [ram1_default]
Compiling architecture behavioral of entity xil_defaultlib.velocity_memory_tb
Built simulation snapshot velocity_memory_tb_behav
INFO: [USF-XSim-69] 'elaborate' step finished in '2' seconds
Vivado Simulator 2018.1
Time resolution is 1 ps
relaunch_sim: Time (s): cpu = 00:00:01 ; elapsed = 00:00:05 . Memory (MB): peak = 845.602 ; gain = 0.000
reset_run synth_1
WARNING: [Vivado 12-1017] Problems encountered:
1. Failed to delete one or more files in run directory C:/Users/IDEAL-INFO/Desktop/VHDL V2/velocity_memory/velocity_memory.runs/synth_1

launch_runs synth_1 -jobs 3
[Thu Jul 11 23:20:42 2019] Launched synth_1...
Run output will be captured here: C:/Users/IDEAL-INFO/Desktop/VHDL V2/velocity_memory/velocity_memory.runs/synth_1/runme.log
relaunch_sim
INFO: [Vivado 12-5682] Launching behavioral simulation in 'C:/Users/IDEAL-INFO/Desktop/VHDL V2/velocity_memory/velocity_memory.sim/sim_1/behav/xsim'
INFO: [SIM-utils-51] Simulation object is 'sim_1'
INFO: [SIM-utils-54] Inspecting design source files for 'velocity_memory_tb' in fileset 'sim_1'...
INFO: [USF-XSim-97] Finding global include files...
INFO: [USF-XSim-98] Fetching design files from 'sim_1'...
INFO: [USF-XSim-2] XSim::Compile design
INFO: [USF-XSim-61] Executing 'COMPILE and ANALYZE' step in 'C:/Users/IDEAL-INFO/Desktop/VHDL V2/velocity_memory/velocity_memory.sim/sim_1/behav/xsim'
"xvhdl --incr --relax -prj velocity_memory_tb_vhdl.prj"
INFO: [VRFC 10-163] Analyzing VHDL file "C:/Users/IDEAL-INFO/Desktop/VHDL V2/velocity_memory/velocity_memory.vhd" into library xil_defaultlib
INFO: [VRFC 10-307] analyzing entity RAM1
INFO: [VRFC 10-163] Analyzing VHDL file "C:/Users/IDEAL-INFO/Desktop/VHDL V2/velocity_memory/velocity_memory_tb.vhd" into library xil_defaultlib
INFO: [VRFC 10-307] analyzing entity velocity_memory_tb
INFO: [USF-XSim-69] 'compile' step finished in '3' seconds
INFO: [Vivado 12-5682] Launching behavioral simulation in 'C:/Users/IDEAL-INFO/Desktop/VHDL V2/velocity_memory/velocity_memory.sim/sim_1/behav/xsim'
INFO: [USF-XSim-3] XSim::Elaborate design
INFO: [USF-XSim-61] Executing 'ELABORATE' step in 'C:/Users/IDEAL-INFO/Desktop/VHDL V2/velocity_memory/velocity_memory.sim/sim_1/behav/xsim'
Vivado Simulator 2018.1
Copyright 1986-1999, 2001-2017 Xilinx, Inc. All Rights Reserved.
Running: C:/Xilinx/Vivado/2018.1/bin/unwrapped/win64.o/xelab.exe -wto b743b581e4664b2d94daf1f9d073840b --incr --debug typical --relax --mt 2 -L xil_defaultlib -L secureip --snapshot velocity_memory_tb_behav xil_defaultlib.velocity_memory_tb -log elaborate.log 
Using 2 slave threads.
Starting static elaboration
Completed static elaboration
Starting simulation data flow analysis
Completed simulation data flow analysis
Time Resolution for simulation is 1ps
Compiling package std.standard
Compiling package std.textio
Compiling package ieee.std_logic_1164
Compiling package ieee.std_logic_arith
Compiling package ieee.std_logic_unsigned
Compiling package synopsys.attributes
Compiling package ieee.std_logic_misc
Compiling package ieee.numeric_std
Compiling package xil_defaultlib.pkg
Compiling architecture rtl of entity xil_defaultlib.RAM1 [ram1_default]
Compiling architecture behavioral of entity xil_defaultlib.velocity_memory_tb
Built simulation snapshot velocity_memory_tb_behav
INFO: [USF-XSim-69] 'elaborate' step finished in '5' seconds
Vivado Simulator 2018.1
Time resolution is 1 ps
relaunch_sim: Time (s): cpu = 00:00:02 ; elapsed = 00:00:13 . Memory (MB): peak = 848.309 ; gain = 0.000
save_wave_config {C:/Users/IDEAL-INFO/Desktop/VHDL V2/velocity_memory/velocity_memory_tb_behav.wcfg}
add_files -fileset sim_1 -norecurse {{C:/Users/IDEAL-INFO/Desktop/VHDL V2/velocity_memory/velocity_memory_tb_behav.wcfg}}
set_property xsim.view {{C:/Users/IDEAL-INFO/Desktop/VHDL V2/velocity_memory/velocity_memory_tb_behav.wcfg}} [get_filesets sim_1]
relaunch_sim
INFO: [Vivado 12-5682] Launching behavioral simulation in 'C:/Users/IDEAL-INFO/Desktop/VHDL V2/velocity_memory/velocity_memory.sim/sim_1/behav/xsim'
INFO: [SIM-utils-51] Simulation object is 'sim_1'
INFO: [SIM-utils-54] Inspecting design source files for 'velocity_memory_tb' in fileset 'sim_1'...
INFO: [USF-XSim-97] Finding global include files...
INFO: [USF-XSim-98] Fetching design files from 'sim_1'...
INFO: [USF-XSim-2] XSim::Compile design
INFO: [USF-XSim-61] Executing 'COMPILE and ANALYZE' step in 'C:/Users/IDEAL-INFO/Desktop/VHDL V2/velocity_memory/velocity_memory.sim/sim_1/behav/xsim'
"xvhdl --incr --relax -prj velocity_memory_tb_vhdl.prj"
INFO: [VRFC 10-163] Analyzing VHDL file "C:/Users/IDEAL-INFO/Desktop/VHDL V2/velocity_memory/velocity_memory_tb.vhd" into library xil_defaultlib
INFO: [VRFC 10-307] analyzing entity velocity_memory_tb
INFO: [USF-XSim-69] 'compile' step finished in '1' seconds
INFO: [Vivado 12-5682] Launching behavioral simulation in 'C:/Users/IDEAL-INFO/Desktop/VHDL V2/velocity_memory/velocity_memory.sim/sim_1/behav/xsim'
INFO: [USF-XSim-3] XSim::Elaborate design
INFO: [USF-XSim-61] Executing 'ELABORATE' step in 'C:/Users/IDEAL-INFO/Desktop/VHDL V2/velocity_memory/velocity_memory.sim/sim_1/behav/xsim'
Vivado Simulator 2018.1
Copyright 1986-1999, 2001-2017 Xilinx, Inc. All Rights Reserved.
Running: C:/Xilinx/Vivado/2018.1/bin/unwrapped/win64.o/xelab.exe -wto b743b581e4664b2d94daf1f9d073840b --incr --debug typical --relax --mt 2 -L xil_defaultlib -L secureip --snapshot velocity_memory_tb_behav xil_defaultlib.velocity_memory_tb -log elaborate.log 
Using 2 slave threads.
Starting static elaboration
Completed static elaboration
Starting simulation data flow analysis
Completed simulation data flow analysis
Time Resolution for simulation is 1ps
Compiling package std.standard
Compiling package std.textio
Compiling package ieee.std_logic_1164
Compiling package ieee.std_logic_arith
Compiling package ieee.std_logic_unsigned
Compiling package synopsys.attributes
Compiling package ieee.std_logic_misc
Compiling package ieee.numeric_std
Compiling package xil_defaultlib.pkg
Compiling architecture rtl of entity xil_defaultlib.RAM1 [ram1_default]
Compiling architecture behavioral of entity xil_defaultlib.velocity_memory_tb
Built simulation snapshot velocity_memory_tb_behav
INFO: [USF-XSim-69] 'elaborate' step finished in '1' seconds
Vivado Simulator 2018.1
Time resolution is 1 ps
save_wave_config {C:/Users/IDEAL-INFO/Desktop/VHDL V2/velocity_memory/velocity_memory_tb_behav.wcfg}
