#-----------------------------------------------------------
# Vivado v2018.1 (64-bit)
# SW Build 2188600 on Wed Apr  4 18:40:38 MDT 2018
# IP Build 2185939 on Wed Apr  4 20:55:05 MDT 2018
# Start of session at: Thu Jul  4 22:18:03 2019
# Process ID: 13336
# Current directory: C:/Users/IDEAL-INFO/Desktop/VHDL V2/Update_G
# Command line: vivado.exe -gui_launcher_event rodinguilauncherevent1184 C:\Users\IDEAL-INFO\Desktop\VHDL V2\Update_G\Update_G.xpr
# Log file: C:/Users/IDEAL-INFO/Desktop/VHDL V2/Update_G/vivado.log
# Journal file: C:/Users/IDEAL-INFO/Desktop/VHDL V2/Update_G\vivado.jou
#-----------------------------------------------------------
start_gui
open_project {C:/Users/IDEAL-INFO/Desktop/VHDL V2/Update_G/Update_G.xpr}
Scanning sources...
Finished scanning sources
INFO: [IP_Flow 19-234] Refreshing IP repositories
INFO: [IP_Flow 19-1704] No user IP repositories specified
INFO: [IP_Flow 19-2313] Loaded Vivado IP repository 'C:/Xilinx/Vivado/2018.1/data/ip'.
open_project: Time (s): cpu = 00:00:24 ; elapsed = 00:00:38 . Memory (MB): peak = 819.910 ; gain = 111.004
update_compile_order -fileset sources_1
reset_run synth_1
launch_runs synth_1 -jobs 3
[Mon Jul  8 02:26:46 2019] Launched synth_1...
Run output will be captured here: C:/Users/IDEAL-INFO/Desktop/VHDL V2/Update_G/Update_G.runs/synth_1/runme.log
