#-----------------------------------------------------------
# Vivado v2018.1 (64-bit)
# SW Build 2188600 on Wed Apr  4 18:40:38 MDT 2018
# IP Build 2185939 on Wed Apr  4 20:55:05 MDT 2018
# Start of session at: Mon Jul  1 14:23:52 2019
# Process ID: 7488
# Current directory: C:/Users/IDEAL-INFO/Desktop/VHDL V2/Update_G
# Command line: vivado.exe -gui_launcher_event rodinguilauncherevent7504 C:\Users\IDEAL-INFO\Desktop\VHDL V2\Update_G\Update_G.xpr
# Log file: C:/Users/IDEAL-INFO/Desktop/VHDL V2/Update_G/vivado.log
# Journal file: C:/Users/IDEAL-INFO/Desktop/VHDL V2/Update_G\vivado.jou
#-----------------------------------------------------------
start_gui
open_project {C:/Users/IDEAL-INFO/Desktop/VHDL V2/Update_G/Update_G.xpr}
INFO: [Project 1-313] Project file moved from 'C:/Users/IDEAL-INFO/Desktop/RNG4/Update_G' since last save.
Scanning sources...
Finished scanning sources
INFO: [IP_Flow 19-234] Refreshing IP repositories
INFO: [IP_Flow 19-1704] No user IP repositories specified
INFO: [IP_Flow 19-2313] Loaded Vivado IP repository 'C:/Xilinx/Vivado/2018.1/data/ip'.
open_project: Time (s): cpu = 00:00:18 ; elapsed = 00:00:28 . Memory (MB): peak = 822.805 ; gain = 138.945
update_compile_order -fileset sources_1
update_compile_order -fileset sources_1
update_compile_order -fileset sources_1
reset_run synth_1
launch_runs synth_1 -jobs 3
[Tue Jul  2 10:42:25 2019] Launched synth_1...
Run output will be captured here: C:/Users/IDEAL-INFO/Desktop/VHDL V2/Update_G/Update_G.runs/synth_1/runme.log
exit
INFO: [Common 17-206] Exiting Vivado at Tue Jul  2 16:18:53 2019...
