#-----------------------------------------------------------
# Vivado v2018.1 (64-bit)
# SW Build 2188600 on Wed Apr  4 18:40:38 MDT 2018
# IP Build 2185939 on Wed Apr  4 20:55:05 MDT 2018
# Start of session at: Fri Jul  5 01:43:04 2019
# Process ID: 1112
# Current directory: C:/Users/IDEAL-INFO/Desktop/VHDL V2/Update_PBest
# Command line: vivado.exe -gui_launcher_event rodinguilauncherevent5236 C:\Users\IDEAL-INFO\Desktop\VHDL V2\Update_PBest\Update_P.xpr
# Log file: C:/Users/IDEAL-INFO/Desktop/VHDL V2/Update_PBest/vivado.log
# Journal file: C:/Users/IDEAL-INFO/Desktop/VHDL V2/Update_PBest\vivado.jou
#-----------------------------------------------------------
start_gui
open_project {C:/Users/IDEAL-INFO/Desktop/VHDL V2/Update_PBest/Update_P.xpr}
INFO: [Project 1-313] Project file moved from 'C:/Users/IDEAL-INFO/Desktop/RNG4/Update_P' since last save.
Scanning sources...
Finished scanning sources
INFO: [IP_Flow 19-234] Refreshing IP repositories
INFO: [IP_Flow 19-1704] No user IP repositories specified
INFO: [IP_Flow 19-2313] Loaded Vivado IP repository 'C:/Xilinx/Vivado/2018.1/data/ip'.
open_project: Time (s): cpu = 00:00:32 ; elapsed = 00:00:56 . Memory (MB): peak = 805.969 ; gain = 124.523
update_compile_order -fileset sources_1
update_compile_order -fileset sources_1
update_compile_order -fileset sources_1
reset_run synth_1
launch_runs synth_1 -jobs 3
[Mon Jul  8 01:15:20 2019] Launched synth_1...
Run output will be captured here: C:/Users/IDEAL-INFO/Desktop/VHDL V2/Update_PBest/Update_P.runs/synth_1/runme.log
