#-----------------------------------------------------------
# Vivado v2018.1 (64-bit)
# SW Build 2188600 on Wed Apr  4 18:40:38 MDT 2018
# IP Build 2185939 on Wed Apr  4 20:55:05 MDT 2018
# Start of session at: Wed Jul 10 14:50:12 2019
# Process ID: 4856
# Current directory: C:/Users/IDEAL-INFO/Desktop/VHDL V2/Update_PBest
# Command line: vivado.exe -gui_launcher_event rodinguilauncherevent12924 C:\Users\IDEAL-INFO\Desktop\VHDL V2\Update_PBest\Update_P.xpr
# Log file: C:/Users/IDEAL-INFO/Desktop/VHDL V2/Update_PBest/vivado.log
# Journal file: C:/Users/IDEAL-INFO/Desktop/VHDL V2/Update_PBest\vivado.jou
#-----------------------------------------------------------
start_gui
open_project {C:/Users/IDEAL-INFO/Desktop/VHDL V2/Update_PBest/Update_P.xpr}
Scanning sources...
Finished scanning sources
INFO: [IP_Flow 19-234] Refreshing IP repositories
INFO: [IP_Flow 19-1704] No user IP repositories specified
INFO: [IP_Flow 19-2313] Loaded Vivado IP repository 'C:/Xilinx/Vivado/2018.1/data/ip'.
open_project: Time (s): cpu = 00:00:23 ; elapsed = 00:00:49 . Memory (MB): peak = 817.379 ; gain = 142.699
update_compile_order -fileset sources_1exit
INFO: [Common 17-206] Exiting Vivado at Wed Jul 10 15:27:26 2019...

