#-----------------------------------------------------------
# Vivado v2018.1 (64-bit)
# SW Build 2188600 on Wed Apr  4 18:40:38 MDT 2018
# IP Build 2185939 on Wed Apr  4 20:55:05 MDT 2018
# Start of session at: Fri Jun 28 17:59:12 2019
# Process ID: 7172
# Current directory: C:/Users/IDEAL-INFO/Desktop/VHDL V2/Fitness_module
# Command line: vivado.exe -gui_launcher_event rodinguilauncherevent2188 C:\Users\IDEAL-INFO\Desktop\VHDL V2\Fitness_module\Fitness_module.xpr
# Log file: C:/Users/IDEAL-INFO/Desktop/VHDL V2/Fitness_module/vivado.log
# Journal file: C:/Users/IDEAL-INFO/Desktop/VHDL V2/Fitness_module\vivado.jou
#-----------------------------------------------------------
start_gui
open_project {C:/Users/IDEAL-INFO/Desktop/VHDL V2/Fitness_module/Fitness_module.xpr}
Scanning sources...
Finished scanning sources
INFO: [IP_Flow 19-234] Refreshing IP repositories
INFO: [IP_Flow 19-1704] No user IP repositories specified
INFO: [IP_Flow 19-2313] Loaded Vivado IP repository 'C:/Xilinx/Vivado/2018.1/data/ip'.
open_project: Time (s): cpu = 00:00:20 ; elapsed = 00:00:33 . Memory (MB): peak = 792.359 ; gain = 103.480
update_compile_order -fileset sources_1
launch_runs synth_1 -jobs 3
CRITICAL WARNING: [HDL 9-806] Syntax error near "=". [C:/Users/IDEAL-INFO/Desktop/VHDL V2/Fitness_module/fitness_module.vhd:41]
CRITICAL WARNING: [HDL 9-806] Syntax error near "=". [C:/Users/IDEAL-INFO/Desktop/VHDL V2/Fitness_module/fitness_module.vhd:42]
[Sat Jun 29 20:46:37 2019] Launched synth_1...
Run output will be captured here: C:/Users/IDEAL-INFO/Desktop/VHDL V2/Fitness_module/Fitness_module.runs/synth_1/runme.log
launch_runs: Time (s): cpu = 00:00:01 ; elapsed = 00:00:10 . Memory (MB): peak = 848.059 ; gain = 9.652
reset_run synth_1
launch_runs synth_1 -jobs 3
[Sat Jun 29 20:53:29 2019] Launched synth_1...
Run output will be captured here: C:/Users/IDEAL-INFO/Desktop/VHDL V2/Fitness_module/Fitness_module.runs/synth_1/runme.log
