#-----------------------------------------------------------
# Vivado v2018.1 (64-bit)
# SW Build 2188600 on Wed Apr  4 18:40:38 MDT 2018
# IP Build 2185939 on Wed Apr  4 20:55:05 MDT 2018
# Start of session at: Mon Jul  1 11:46:50 2019
# Process ID: 1436
# Current directory: C:/Users/IDEAL-INFO/Desktop/VHDL V2/Fitness_module
# Command line: vivado.exe -gui_launcher_event rodinguilauncherevent648 C:\Users\IDEAL-INFO\Desktop\VHDL V2\Fitness_module\Fitness_module.xpr
# Log file: C:/Users/IDEAL-INFO/Desktop/VHDL V2/Fitness_module/vivado.log
# Journal file: C:/Users/IDEAL-INFO/Desktop/VHDL V2/Fitness_module\vivado.jou
#-----------------------------------------------------------
start_gui
open_project {C:/Users/IDEAL-INFO/Desktop/VHDL V2/Fitness_module/Fitness_module.xpr}
Scanning sources...
Finished scanning sources
INFO: [IP_Flow 19-234] Refreshing IP repositories
INFO: [IP_Flow 19-1704] No user IP repositories specified
INFO: [IP_Flow 19-2313] Loaded Vivado IP repository 'C:/Xilinx/Vivado/2018.1/data/ip'.
open_project: Time (s): cpu = 00:00:20 ; elapsed = 00:00:30 . Memory (MB): peak = 812.109 ; gain = 126.289
update_compile_order -fileset sources_1
reset_run synth_1
launch_runs synth_1 -jobs 3
[Mon Jul  1 14:22:48 2019] Launched synth_1...
Run output will be captured here: C:/Users/IDEAL-INFO/Desktop/VHDL V2/Fitness_module/Fitness_module.runs/synth_1/runme.log
reset_run synth_1
WARNING: [Vivado 12-1017] Problems encountered:
1. Failed to delete one or more files in run directory C:/Users/IDEAL-INFO/Desktop/VHDL V2/Fitness_module/Fitness_module.runs/synth_1

launch_runs synth_1 -jobs 3
[Mon Jul  1 14:29:22 2019] Launched synth_1...
Run output will be captured here: C:/Users/IDEAL-INFO/Desktop/VHDL V2/Fitness_module/Fitness_module.runs/synth_1/runme.log
reset_run synth_1
WARNING: [Vivado 12-1017] Problems encountered:
1. Failed to delete one or more files in run directory C:/Users/IDEAL-INFO/Desktop/VHDL V2/Fitness_module/Fitness_module.runs/synth_1

launch_runs synth_1 -jobs 3
[Mon Jul  1 14:30:05 2019] Launched synth_1...
Run output will be captured here: C:/Users/IDEAL-INFO/Desktop/VHDL V2/Fitness_module/Fitness_module.runs/synth_1/runme.log
exit
INFO: [Common 17-206] Exiting Vivado at Tue Jul  2 16:19:46 2019...
