#-----------------------------------------------------------
# Vivado v2018.1 (64-bit)
# SW Build 2188600 on Wed Apr  4 18:40:38 MDT 2018
# IP Build 2185939 on Wed Apr  4 20:55:05 MDT 2018
# Start of session at: Mon Jul 15 01:58:41 2019
# Process ID: 8268
# Current directory: C:/Users/ThibaultPB/Desktop/VHDL V2/Implementation-hardware-du-PSO/Pbest_memory
# Command line: vivado.exe -gui_launcher_event rodinguilauncherevent7824 C:\Users\ThibaultPB\Desktop\VHDL V2\Implementation-hardware-du-PSO\Pbest_memory\Pbest_memory.xpr
# Log file: C:/Users/ThibaultPB/Desktop/VHDL V2/Implementation-hardware-du-PSO/Pbest_memory/vivado.log
# Journal file: C:/Users/ThibaultPB/Desktop/VHDL V2/Implementation-hardware-du-PSO/Pbest_memory\vivado.jou
#-----------------------------------------------------------
start_gui
open_project {C:/Users/ThibaultPB/Desktop/VHDL V2/Implementation-hardware-du-PSO/Pbest_memory/Pbest_memory.xpr}
INFO: [Project 1-313] Project file moved from 'C:/Users/IDEAL-INFO/Desktop/VHDL V2/Pbest_memory' since last save.
Scanning sources...
Finished scanning sources
INFO: [IP_Flow 19-234] Refreshing IP repositories
INFO: [IP_Flow 19-1704] No user IP repositories specified
INFO: [IP_Flow 19-2313] Loaded Vivado IP repository 'D:/Xilinx/Vivado/2018.1/data/ip'.
open_project: Time (s): cpu = 00:00:14 ; elapsed = 00:00:08 . Memory (MB): peak = 844.168 ; gain = 107.492
update_compile_order -fileset sources_1
exit
INFO: [Common 17-206] Exiting Vivado at Mon Jul 15 01:59:47 2019...
