#-----------------------------------------------------------
# Vivado v2018.1 (64-bit)
# SW Build 2188600 on Wed Apr  4 18:40:38 MDT 2018
# IP Build 2185939 on Wed Apr  4 20:55:05 MDT 2018
# Start of session at: Fri Jul 12 01:26:14 2019
# Process ID: 392
# Current directory: C:/Users/IDEAL-INFO/Desktop/VHDL V2/Pbest_memory
# Command line: vivado.exe -gui_launcher_event rodinguilauncherevent7904 C:\Users\IDEAL-INFO\Desktop\VHDL V2\Pbest_memory\Pbest_memory.xpr
# Log file: C:/Users/IDEAL-INFO/Desktop/VHDL V2/Pbest_memory/vivado.log
# Journal file: C:/Users/IDEAL-INFO/Desktop/VHDL V2/Pbest_memory\vivado.jou
#-----------------------------------------------------------
start_gui
open_project {C:/Users/IDEAL-INFO/Desktop/VHDL V2/Pbest_memory/Pbest_memory.xpr}
Scanning sources...
Finished scanning sources
INFO: [IP_Flow 19-234] Refreshing IP repositories
INFO: [IP_Flow 19-1704] No user IP repositories specified
INFO: [IP_Flow 19-2313] Loaded Vivado IP repository 'C:/Xilinx/Vivado/2018.1/data/ip'.
open_project: Time (s): cpu = 00:00:18 ; elapsed = 00:00:48 . Memory (MB): peak = 773.246 ; gain = 117.414
update_compile_order -fileset sources_1
