Vivado Simulator 2018.1
Copyright 1986-1999, 2001-2017 Xilinx, Inc. All Rights Reserved.
Running: C:/Xilinx/Vivado/2018.1/bin/unwrapped/win64.o/xelab.exe -wto 3ee1f51e35ba43959866c6ff0d581d7f --incr --debug typical --relax --mt 2 -L xil_defaultlib -L secureip --snapshot position_memory_tb_behav xil_defaultlib.position_memory_tb -log elaborate.log 
Using 2 slave threads.
Starting static elaboration
Completed static elaboration
Starting simulation data flow analysis
Completed simulation data flow analysis
Time Resolution for simulation is 1ps
Compiling package std.standard
Compiling package std.textio
Compiling package ieee.std_logic_1164
Compiling package ieee.std_logic_arith
Compiling package ieee.std_logic_unsigned
Compiling package synopsys.attributes
Compiling package ieee.std_logic_misc
Compiling package ieee.numeric_std
Compiling package xil_defaultlib.pkg
Compiling architecture rtl of entity xil_defaultlib.RAM1 [ram1_default]
Compiling architecture behavioral of entity xil_defaultlib.position_memory_tb
Built simulation snapshot position_memory_tb_behav
