Vivado Simulator 2018.1
Copyright 1986-1999, 2001-2017 Xilinx, Inc. All Rights Reserved.
Running: C:/Xilinx/Vivado/2018.1/bin/unwrapped/win64.o/xelab.exe -wto e1f06d6dd5464189bddb68a623088f99 --incr --debug typical --relax --mt 2 -L xil_defaultlib -L secureip --snapshot Update_P_tb_behav xil_defaultlib.Update_P_tb -log elaborate.log 
Using 2 slave threads.
Starting static elaboration
Completed static elaboration
Starting simulation data flow analysis
Completed simulation data flow analysis
Time Resolution for simulation is 1ps
Compiling package std.standard
Compiling package std.textio
Compiling package ieee.std_logic_1164
Compiling package ieee.std_logic_arith
Compiling package ieee.std_logic_unsigned
Compiling package synopsys.attributes
Compiling package ieee.std_logic_misc
Compiling package ieee.numeric_std
Compiling package xil_defaultlib.pkg
Compiling architecture behavioral of entity xil_defaultlib.p_best [p_best_default]
Compiling architecture behavioral of entity xil_defaultlib.update_p_tb
Built simulation snapshot Update_P_tb_behav
